#
# A fatal error has been detected by the Java Runtime Environment:
#
#  EXCEPTION_ACCESS_VIOLATION (0xc0000005) at pc=0x00007ff85f3d1661, pid=26376, tid=21876
#
# JRE version: Java(TM) SE Runtime Environment (21.0.1+12) (build 21.0.1+12-LTS-29)
# Java VM: Java HotSpot(TM) 64-Bit Server VM (21.0.1+12-LTS-29, mixed mode, sharing, tiered, compressed oops, compressed class ptrs, g1 gc, windows-amd64)
# Problematic frame:
# C  [flatlaf-windows-x86_64-832530568118000.dll+0x1661]
#
# No core dump will be written. Minidumps are not enabled by default on client versions of Windows
#
# If you would like to submit a bug report, please visit:
#   https://bugreport.java.com/bugreport/crash.jsp
# The crash happened outside the Java Virtual Machine in native code.
# See problematic frame for where to report the bug.
#

---------------  S U M M A R Y ------------

Command Line: -Dfile.encoding=UTF-8 --module-path=C:\Users\geany\Documents\NetBeansProjects\gmgMultiverso\build\classes gmgmultiverso.GmgMultiverso

Host: Intel(R) Core(TM) i7-1065G7 CPU @ 1.30GHz, 8 cores, 7G,  Windows 11 , 64 bit Build 22621 (10.0.22621.2506)
Time: Sun Jun  9 22:23:22 2024 Hora de verano romance elapsed time: 419.648697 seconds (0d 0h 6m 59s)

---------------  T H R E A D  ---------------

Current thread (0x0000025d2f6edd10):  JavaThread "AWT-Windows" daemon [_thread_in_native, id=21876, stack(0x000000ae86600000,0x000000ae86700000) (1024K)]

Stack: [0x000000ae86600000,0x000000ae86700000],  sp=0x000000ae866feb80,  free space=1018k
Native frames: (J=compiled Java code, j=interpreted, Vv=VM code, C=native code)
C  [flatlaf-windows-x86_64-832530568118000.dll+0x1661]

Java frames: (J=compiled Java code, j=interpreted, Vv=VM code)
j  sun.awt.windows.WToolkit.eventLoop()V+0 java.desktop@21.0.1
j  sun.awt.windows.WToolkit.run()V+50 java.desktop@21.0.1
j  java.lang.Thread.runWith(Ljava/lang/Object;Ljava/lang/Runnable;)V+5 java.base@21.0.1
j  java.lang.Thread.run()V+19 java.base@21.0.1
v  ~StubRoutines::call_stub 0x0000025d221710e7

siginfo: EXCEPTION_ACCESS_VIOLATION (0xc0000005), reading address 0x0000000000000020


Registers:
RAX=0x0000000000000000, RBX=0x0000000000009803, RCX=0x0000000000000000, RDX=0x000000000045191c
RSP=0x000000ae866feb80, RBP=0x000000000045191c, RSI=0x0000000000000000, RDI=0x0000000000000000
R8 =0x0000000000009803, R9 =0x0000000000000000, R10=0x0000025d2f8bd250, R11=0x00000000001d049d
R12=0x0000000000000000, R13=0x0000000000000000, R14=0x0000000000009803, R15=0x00000000001d049d
RIP=0x00007ff85f3d1661, EFLAGS=0x0000000000010202


Register to memory mapping:

RAX=0x0 is null
RBX=0x0000000000009803 is an unknown value
RCX=0x0 is null
RDX=0x000000000045191c is an unknown value
RSP=0x000000ae866feb80 is pointing into the stack for thread: 0x0000025d2f6edd10
RBP=0x000000000045191c is an unknown value
RSI=0x0 is null
RDI=0x0 is null
R8 =0x0000000000009803 is an unknown value
R9 =0x0 is null
R10=0x0000025d2f8bd250 points into unknown readable memory: 0x0000000000371bb0 | b0 1b 37 00 00 00 00 00
R11=0x00000000001d049d is an unknown value
R12=0x0 is null
R13=0x0 is null
R14=0x0000000000009803 is an unknown value
R15=0x00000000001d049d is an unknown value

Top of Stack: (sp=0x000000ae866feb80)
0x000000ae866feb80:   0000025d221710e7 0000000000000000
0x000000ae866feb90:   0000000000000000 0000000000000000
0x000000ae866feba0:   0000025d2f8f8c10 00007ff85f3d10c5
0x000000ae866febb0:   0000000000000000 0000000000000000
0x000000ae866febc0:   0000000000000000 0000000000009803
0x000000ae866febd0:   0000000000000000 00007ff85f3d13f4
0x000000ae866febe0:   00000000001d049d 000000000045191c
0x000000ae866febf0:   0000000000009803 0000000000000000
0x000000ae866fec00:   00000000001d049d 00007ff804c51764
0x000000ae866fec10:   0000000000000001 00007ff868018241
0x000000ae866fec20:   0000000000000000 000000ae866fede8
0x000000ae866fec30:   0000000080000022 0000000080000022
0x000000ae866fec40:   0000025d2f6edd10 00007ff804c534b4
0x000000ae866fec50:   0000000000000000 0000000000000000
0x000000ae866fec60:   0000000000000000 0000000000000000
0x000000ae866fec70:   0000000100000000 00007ff880000022
0x000000ae866fec80:   0000000000000000 0000000000000000
0x000000ae866fec90:   0000000000000000 00007ff8068d6c18
0x000000ae866feca0:   0000000000000001 0000000000000000
0x000000ae866fecb0:   0000000000000000 0000000080000022
0x000000ae866fecc0:   0000000000000000 0000000000000000
0x000000ae866fecd0:   0000000000000000 0000000000000000
0x000000ae866fece0:   0000000000000000 00007ff804b178a9
0x000000ae866fecf0:   0000000000000000 0000000000000000
0x000000ae866fed00:   0000000000000048 0000025d00000001
0x000000ae866fed10:   0000000000000000 0000000000000000
0x000000ae866fed20:   0000000000000030 ffffffffffffffff
0x000000ae866fed30:   ffffffffffffffff 00007ff868018097
0x000000ae866fed40:   0000000000000000 000000ae866fef98
0x000000ae866fed50:   00007ff800000000 0000000000000000
0x000000ae866fed60:   000000000045191c 00007ff85f3d13b0
0x000000ae866fed70:   0000000000009803 00007ff86801776d 

Instructions: (pc=0x00007ff85f3d1661)
0x00007ff85f3d1561:   b9 5c 00 00 00 8b d8 ff 15 22 1b 00 00 8b d3 b9
0x00007ff85f3d1571:   21 00 00 00 8b f8 ff 15 13 1b 00 00 03 f8 44 3b
0x00007ff85f3d1581:   f7 7d 18 ba f0 ff ff ff 48 8b cd ff 15 3e 1b 00
0x00007ff85f3d1591:   00 0f ba e0 12 73 04 b3 01 eb 02 32 db 48 8b 4e
0x00007ff85f3d15a1:   08 48 85 c9 75 32 48 8b 0e 48 8d 56 08 41 b8 02
0x00007ff85f3d15b1:   00 01 00 48 8b 01 ff 50 30 48 8b 4e 08 48 85 c9
0x00007ff85f3d15c1:   75 16 b8 01 00 00 00 84 db b9 0c 00 00 00 0f 45
0x00007ff85f3d15d1:   c1 48 98 e9 a0 00 00 00 4c 8b 05 28 2a 00 00 45
0x00007ff85f3d15e1:   8b cf 48 8b 56 10 0f b6 c3 89 44 24 28 44 89 74
0x00007ff85f3d15f1:   24 20 e8 58 fd ff ff 48 98 eb 7d 81 fb a5 00 00
0x00007ff85f3d1601:   00 74 3f 81 fb 20 03 00 00 75 55 48 8b 49 08 48
0x00007ff85f3d1611:   85 c9 75 1c 48 8b 0e 48 8d 56 08 41 b8 02 00 01
0x00007ff85f3d1621:   00 48 8b 01 ff 50 30 48 8b 4e 08 48 85 c9 74 30
0x00007ff85f3d1631:   4c 8b 05 e0 29 00 00 48 8b 56 10 e8 3f fd ff ff
0x00007ff85f3d1641:   eb 1e 49 8d 41 fe 48 83 f8 01 77 14 49 8b c7 45
0x00007ff85f3d1651:   0f bf c7 48 c1 e8 10 44 0f bf c8 e8 df 04 00 00
0x00007ff85f3d1661:   48 8b 4e 20 44 8b c3 4c 89 7c 24 20 4c 8b cf 48
0x00007ff85f3d1671:   8b d5 ff 15 47 1a 00 00 48 8b 5c 24 60 48 8b 6c
0x00007ff85f3d1681:   24 68 48 8b 74 24 70 48 83 c4 40 41 5f 41 5e 5f
0x00007ff85f3d1691:   c3 cc cc cc cc cc cc cc cc cc cc cc cc cc cc 48
0x00007ff85f3d16a1:   89 7c 24 18 4c 89 74 24 20 55 48 8d 6c 24 b1 48
0x00007ff85f3d16b1:   81 ec c0 00 00 00 48 8b f9 48 8b 49 20 4c 8b f2
0x00007ff85f3d16c1:   49 83 f9 01 74 14 48 8b 45 7f 48 89 44 24 20 ff
0x00007ff85f3d16d1:   15 ea 19 00 00 e9 da 01 00 00 48 89 9c 24 d0 00
0x00007ff85f3d16e1:   00 00 41 b9 01 00 00 00 48 8b 5d 7f 48 89 b4 24
0x00007ff85f3d16f1:   d8 00 00 00 48 89 5c 24 20 8b 73 04 ff 15 bd 19
0x00007ff85f3d1701:   00 00 48 85 c0 0f 85 99 01 00 00 49 8b ce 89 73
0x00007ff85f3d1711:   04 ff 15 90 19 00 00 85 c0 0f 84 83 01 00 00 48
0x00007ff85f3d1721:   8b 4f 08 48 85 c9 75 1c 48 8b 0f 48 8d 57 08 41
0x00007ff85f3d1731:   b8 02 00 01 00 48 8b 01 ff 50 30 48 8b 4f 08 48
0x00007ff85f3d1741:   85 c9 74 1b 4c 8b 05 c4 28 00 00 48 8b 57 10 e8
0x00007ff85f3d1751:   cb fb ff ff 0f b6 c0 85 c0 0f 85 43 01 00 00 48 


Stack slot to memory mapping:

stack at sp + 0 slots: 0x0000025d221710e7 is at begin+404 in a stub
StubRoutines::call_stub [0x0000025d22170f53, 0x0000025d2217128f] (828 bytes)
stack at sp + 1 slots: 0x0 is null
stack at sp + 2 slots: 0x0 is null
stack at sp + 3 slots: 0x0 is null
stack at sp + 4 slots: 0x0000025d2f8f8c10 points into unknown readable memory: 0x0000001400000002 | 02 00 00 00 14 00 00 00
stack at sp + 5 slots: 0x00007ff85f3d10c5 flatlaf-windows-x86_64-832530568118000.dll
stack at sp + 6 slots: 0x0 is null
stack at sp + 7 slots: 0x0 is null


---------------  P R O C E S S  ---------------

Threads class SMR info:
_java_thread_list=0x0000025d78070040, length=16, elements={
0x0000025d2f054ac0, 0x0000025d2f055610, 0x0000025d2f056b80, 0x0000025d2f0576d0,
0x0000025d2f05aeb0, 0x0000025d2f05ca50, 0x0000025d2f05ddf0, 0x0000025d2f0648c0,
0x0000025d2f2aca00, 0x0000025d2f357840, 0x0000025d2f6e7de0, 0x0000025d2f6e9280,
0x0000025d2f6edd10, 0x0000025d2f415070, 0x0000025d10621e10, 0x0000025d2fcda850
}

Java Threads: ( => current thread )
  0x0000025d2f054ac0 JavaThread "Reference Handler"          daemon [_thread_blocked, id=18608, stack(0x000000ae85900000,0x000000ae85a00000) (1024K)]
  0x0000025d2f055610 JavaThread "Finalizer"                  daemon [_thread_blocked, id=9392, stack(0x000000ae85a00000,0x000000ae85b00000) (1024K)]
  0x0000025d2f056b80 JavaThread "Signal Dispatcher"          daemon [_thread_blocked, id=1492, stack(0x000000ae85b00000,0x000000ae85c00000) (1024K)]
  0x0000025d2f0576d0 JavaThread "Attach Listener"            daemon [_thread_blocked, id=12356, stack(0x000000ae85c00000,0x000000ae85d00000) (1024K)]
  0x0000025d2f05aeb0 JavaThread "Service Thread"             daemon [_thread_blocked, id=3968, stack(0x000000ae85d00000,0x000000ae85e00000) (1024K)]
  0x0000025d2f05ca50 JavaThread "Monitor Deflation Thread"   daemon [_thread_blocked, id=10392, stack(0x000000ae85e00000,0x000000ae85f00000) (1024K)]
  0x0000025d2f05ddf0 JavaThread "C2 CompilerThread0"         daemon [_thread_blocked, id=26212, stack(0x000000ae85f00000,0x000000ae86000000) (1024K)]
  0x0000025d2f0648c0 JavaThread "C1 CompilerThread0"         daemon [_thread_blocked, id=24108, stack(0x000000ae86000000,0x000000ae86100000) (1024K)]
  0x0000025d2f2aca00 JavaThread "Common-Cleaner"             daemon [_thread_blocked, id=7668, stack(0x000000ae86100000,0x000000ae86200000) (1024K)]
  0x0000025d2f357840 JavaThread "Notification Thread"        daemon [_thread_blocked, id=23164, stack(0x000000ae86200000,0x000000ae86300000) (1024K)]
  0x0000025d2f6e7de0 JavaThread "Java2D Disposer"            daemon [_thread_blocked, id=13544, stack(0x000000ae86400000,0x000000ae86500000) (1024K)]
  0x0000025d2f6e9280 JavaThread "AWT-Shutdown"                      [_thread_blocked, id=5460, stack(0x000000ae86500000,0x000000ae86600000) (1024K)]
=>0x0000025d2f6edd10 JavaThread "AWT-Windows"                daemon [_thread_in_native, id=21876, stack(0x000000ae86600000,0x000000ae86700000) (1024K)]
  0x0000025d2f415070 JavaThread "AWT-EventQueue-0"                  [_thread_in_native, id=20996, stack(0x000000ae86300000,0x000000ae86400000) (1024K)]
  0x0000025d10621e10 JavaThread "DestroyJavaVM"                     [_thread_blocked, id=17392, stack(0x000000ae85100000,0x000000ae85200000) (1024K)]
  0x0000025d2fcda850 JavaThread "TimerQueue"                 daemon [_thread_blocked, id=21680, stack(0x000000ae86800000,0x000000ae86900000) (1024K)]
Total: 16

Other Threads:
  0x0000025d2f0355b0 VMThread "VM Thread"                           [id=26404, stack(0x000000ae85800000,0x000000ae85900000) (1024K)]
  0x0000025d2f01cb50 WatcherThread "VM Periodic Task Thread"        [id=15332, stack(0x000000ae85700000,0x000000ae85800000) (1024K)]
  0x0000025d128431e0 WorkerThread "GC Thread#0"                     [id=18384, stack(0x000000ae85200000,0x000000ae85300000) (1024K)]
  0x0000025d762dfc90 WorkerThread "GC Thread#1"                     [id=26004, stack(0x000000ae86d00000,0x000000ae86e00000) (1024K)]
  0x0000025d762e0030 WorkerThread "GC Thread#2"                     [id=20880, stack(0x000000ae86e00000,0x000000ae86f00000) (1024K)]
  0x0000025d762cf740 WorkerThread "GC Thread#3"                     [id=16116, stack(0x000000ae86f00000,0x000000ae87000000) (1024K)]
  0x0000025d762cfae0 WorkerThread "GC Thread#4"                     [id=27564, stack(0x000000ae87000000,0x000000ae87100000) (1024K)]
  0x0000025d762cfe80 WorkerThread "GC Thread#5"                     [id=17104, stack(0x000000ae87100000,0x000000ae87200000) (1024K)]
  0x0000025d76100770 WorkerThread "GC Thread#6"                     [id=17716, stack(0x000000ae87200000,0x000000ae87300000) (1024K)]
  0x0000025d76100f20 WorkerThread "GC Thread#7"                     [id=26680, stack(0x000000ae87300000,0x000000ae87400000) (1024K)]
  0x0000025d12853bf0 ConcurrentGCThread "G1 Main Marker"            [id=3936, stack(0x000000ae85300000,0x000000ae85400000) (1024K)]
  0x0000025d128556a0 WorkerThread "G1 Conc#0"                       [id=26240, stack(0x000000ae85400000,0x000000ae85500000) (1024K)]
  0x0000025d760629e0 WorkerThread "G1 Conc#1"                       [id=2976, stack(0x000000ae84f00000,0x000000ae85000000) (1024K)]
  0x0000025d128ae080 ConcurrentGCThread "G1 Refine#0"               [id=14968, stack(0x000000ae85500000,0x000000ae85600000) (1024K)]
  0x0000025d128aea90 ConcurrentGCThread "G1 Service"                [id=12236, stack(0x000000ae85600000,0x000000ae85700000) (1024K)]
Total: 15

Threads with active compile tasks:
Total: 0

VM state: not at safepoint (normal execution)

VM Mutex/Monitor currently owned by a thread: None

Heap address: 0x0000000084000000, size: 1984 MB, Compressed Oops mode: 32-bit

CDS archive(s) mapped at: [0x0000025d30000000-0x0000025d30c90000-0x0000025d30c90000), size 13172736, SharedBaseAddress: 0x0000025d30000000, ArchiveRelocationMode: 1.
Compressed class space mapped at: 0x0000025d31000000-0x0000025d71000000, reserved size: 1073741824
Narrow klass base: 0x0000025d30000000, Narrow klass shift: 0, Narrow klass range: 0x100000000

GC Precious Log:
 CardTable entry size: 512
 Card Set container configuration: InlinePtr #cards 5 size 8 Array Of Cards #cards 12 size 40 Howl #buckets 4 coarsen threshold 1843 Howl Bitmap #cards 512 size 80 coarsen threshold 460 Card regions per heap region 1 cards per card region 2048
 CPUs: 8 total, 8 available
 Memory: 7930M
 Large Page Support: Disabled
 NUMA Support: Disabled
 Compressed Oops: Enabled (32-bit)
 Heap Region Size: 1M
 Heap Min Capacity: 8M
 Heap Initial Capacity: 124M
 Heap Max Capacity: 1984M
 Pre-touch: Disabled
 Parallel Workers: 8
 Concurrent Workers: 2
 Concurrent Refinement Workers: 8
 Periodic GC: Disabled

Heap:
 garbage-first heap   total 171008K, used 103022K [0x0000000084000000, 0x0000000100000000)
  region size 1024K, 47 young (48128K), 5 survivors (5120K)
 Metaspace       used 53136K, committed 53632K, reserved 1114112K
  class space    used 6066K, committed 6272K, reserved 1048576K

Heap Regions: E=young(eden), S=young(survivor), O=old, HS=humongous(starts), HC=humongous(continues), CS=collection set, F=free, TAMS=top-at-mark-start, PB=parsable bottom
|   0|0x0000000084000000, 0x0000000084100000, 0x0000000084100000|100%| O|  |TAMS 0x0000000084000000| PB 0x0000000084000000| Untracked 
|   1|0x0000000084100000, 0x0000000084200000, 0x0000000084200000|100%| O|  |TAMS 0x0000000084100000| PB 0x0000000084100000| Untracked 
|   2|0x0000000084200000, 0x0000000084300000, 0x0000000084300000|100%|HS|  |TAMS 0x0000000084200000| PB 0x0000000084200000| Complete 
|   3|0x0000000084300000, 0x0000000084400000, 0x0000000084400000|100%|HC|  |TAMS 0x0000000084300000| PB 0x0000000084300000| Complete 
|   4|0x0000000084400000, 0x0000000084500000, 0x0000000084500000|100%| O|  |TAMS 0x0000000084400000| PB 0x0000000084400000| Untracked 
|   5|0x0000000084500000, 0x0000000084600000, 0x0000000084600000|100%| O|  |TAMS 0x0000000084500000| PB 0x0000000084500000| Untracked 
|   6|0x0000000084600000, 0x0000000084700000, 0x0000000084700000|100%| O|  |TAMS 0x0000000084600000| PB 0x0000000084600000| Untracked 
|   7|0x0000000084700000, 0x0000000084800000, 0x0000000084800000|100%| O|  |TAMS 0x0000000084700000| PB 0x0000000084700000| Untracked 
|   8|0x0000000084800000, 0x0000000084900000, 0x0000000084900000|100%| O|  |TAMS 0x0000000084800000| PB 0x0000000084800000| Untracked 
|   9|0x0000000084900000, 0x0000000084a00000, 0x0000000084a00000|100%| O|  |TAMS 0x0000000084900000| PB 0x0000000084900000| Untracked 
|  10|0x0000000084a00000, 0x0000000084b00000, 0x0000000084b00000|100%| O|  |TAMS 0x0000000084a00000| PB 0x0000000084a00000| Untracked 
|  11|0x0000000084b00000, 0x0000000084c00000, 0x0000000084c00000|100%| O|  |TAMS 0x0000000084b00000| PB 0x0000000084b00000| Untracked 
|  12|0x0000000084c00000, 0x0000000084d00000, 0x0000000084d00000|100%| O|  |TAMS 0x0000000084c00000| PB 0x0000000084c00000| Untracked 
|  13|0x0000000084d00000, 0x0000000084e00000, 0x0000000084e00000|100%|HS|  |TAMS 0x0000000084d00000| PB 0x0000000084d00000| Complete 
|  14|0x0000000084e00000, 0x0000000084f00000, 0x0000000084f00000|100%|HS|  |TAMS 0x0000000084e00000| PB 0x0000000084e00000| Complete 
|  15|0x0000000084f00000, 0x0000000085000000, 0x0000000085000000|100%|HC|  |TAMS 0x0000000084f00000| PB 0x0000000084f00000| Complete 
|  16|0x0000000085000000, 0x0000000085100000, 0x0000000085100000|100%|HC|  |TAMS 0x0000000085000000| PB 0x0000000085000000| Complete 
|  17|0x0000000085100000, 0x0000000085200000, 0x0000000085200000|100%|HC|  |TAMS 0x0000000085100000| PB 0x0000000085100000| Complete 
|  18|0x0000000085200000, 0x0000000085300000, 0x0000000085300000|100%|HC|  |TAMS 0x0000000085200000| PB 0x0000000085200000| Complete 
|  19|0x0000000085300000, 0x0000000085300000, 0x0000000085400000|  0%| F|  |TAMS 0x0000000085300000| PB 0x0000000085300000| Untracked 
|  20|0x0000000085400000, 0x0000000085400000, 0x0000000085500000|  0%| F|  |TAMS 0x0000000085400000| PB 0x0000000085400000| Untracked 
|  21|0x0000000085500000, 0x0000000085500000, 0x0000000085600000|  0%| F|  |TAMS 0x0000000085500000| PB 0x0000000085500000| Untracked 
|  22|0x0000000085600000, 0x0000000085600000, 0x0000000085700000|  0%| F|  |TAMS 0x0000000085600000| PB 0x0000000085600000| Untracked 
|  23|0x0000000085700000, 0x0000000085700000, 0x0000000085800000|  0%| F|  |TAMS 0x0000000085700000| PB 0x0000000085700000| Untracked 
|  24|0x0000000085800000, 0x0000000085900000, 0x0000000085900000|100%|HS|  |TAMS 0x0000000085800000| PB 0x0000000085800000| Complete 
|  25|0x0000000085900000, 0x0000000085a00000, 0x0000000085a00000|100%|HC|  |TAMS 0x0000000085900000| PB 0x0000000085900000| Complete 
|  26|0x0000000085a00000, 0x0000000085b00000, 0x0000000085b00000|100%|HS|  |TAMS 0x0000000085a00000| PB 0x0000000085a00000| Complete 
|  27|0x0000000085b00000, 0x0000000085c00000, 0x0000000085c00000|100%|HC|  |TAMS 0x0000000085b00000| PB 0x0000000085b00000| Complete 
|  28|0x0000000085c00000, 0x0000000085d00000, 0x0000000085d00000|100%| O|  |TAMS 0x0000000085c00000| PB 0x0000000085c00000| Untracked 
|  29|0x0000000085d00000, 0x0000000085e00000, 0x0000000085e00000|100%| O|  |TAMS 0x0000000085d00000| PB 0x0000000085d00000| Untracked 
|  30|0x0000000085e00000, 0x0000000085f00000, 0x0000000085f00000|100%| O|  |TAMS 0x0000000085e00000| PB 0x0000000085e00000| Untracked 
|  31|0x0000000085f00000, 0x0000000086000000, 0x0000000086000000|100%| O|  |TAMS 0x0000000085f00000| PB 0x0000000085f00000| Untracked 
|  32|0x0000000086000000, 0x0000000086100000, 0x0000000086100000|100%| O|  |TAMS 0x0000000086000000| PB 0x0000000086000000| Untracked 
|  33|0x0000000086100000, 0x0000000086200000, 0x0000000086200000|100%| O|  |TAMS 0x0000000086100000| PB 0x0000000086100000| Untracked 
|  34|0x0000000086200000, 0x0000000086300000, 0x0000000086300000|100%| O|  |TAMS 0x0000000086200000| PB 0x0000000086200000| Untracked 
|  35|0x0000000086300000, 0x0000000086400000, 0x0000000086400000|100%| O|Cm|TAMS 0x0000000086300000| PB 0x0000000086300000| Complete 
|  36|0x0000000086400000, 0x0000000086500000, 0x0000000086500000|100%| O|  |TAMS 0x0000000086400000| PB 0x0000000086400000| Untracked 
|  37|0x0000000086500000, 0x0000000086600000, 0x0000000086600000|100%| O|  |TAMS 0x0000000086500000| PB 0x0000000086500000| Untracked 
|  38|0x0000000086600000, 0x0000000086700000, 0x0000000086700000|100%| O|  |TAMS 0x0000000086600000| PB 0x0000000086600000| Untracked 
|  39|0x0000000086700000, 0x0000000086800000, 0x0000000086800000|100%| O|  |TAMS 0x0000000086700000| PB 0x0000000086700000| Untracked 
|  40|0x0000000086800000, 0x0000000086900000, 0x0000000086900000|100%| O|  |TAMS 0x0000000086800000| PB 0x0000000086800000| Untracked 
|  41|0x0000000086900000, 0x0000000086a00000, 0x0000000086a00000|100%| O|  |TAMS 0x0000000086900000| PB 0x0000000086900000| Untracked 
|  42|0x0000000086a00000, 0x0000000086b00000, 0x0000000086b00000|100%| O|  |TAMS 0x0000000086a00000| PB 0x0000000086a00000| Untracked 
|  43|0x0000000086b00000, 0x0000000086bbe640, 0x0000000086c00000| 74%| O|  |TAMS 0x0000000086b00000| PB 0x0000000086b00000| Untracked 
|  44|0x0000000086c00000, 0x0000000086d00000, 0x0000000086d00000|100%|HS|  |TAMS 0x0000000086c00000| PB 0x0000000086c00000| Complete 
|  45|0x0000000086d00000, 0x0000000086e00000, 0x0000000086e00000|100%|HC|  |TAMS 0x0000000086d00000| PB 0x0000000086d00000| Complete 
|  46|0x0000000086e00000, 0x0000000086e00000, 0x0000000086f00000|  0%| F|  |TAMS 0x0000000086e00000| PB 0x0000000086e00000| Untracked 
|  47|0x0000000086f00000, 0x0000000086f00000, 0x0000000087000000|  0%| F|  |TAMS 0x0000000086f00000| PB 0x0000000086f00000| Untracked 
|  48|0x0000000087000000, 0x0000000087100000, 0x0000000087100000|100%|HS|  |TAMS 0x0000000087000000| PB 0x0000000087000000| Complete 
|  49|0x0000000087100000, 0x0000000087200000, 0x0000000087200000|100%|HC|  |TAMS 0x0000000087100000| PB 0x0000000087100000| Complete 
|  50|0x0000000087200000, 0x0000000087300000, 0x0000000087300000|100%|HC|  |TAMS 0x0000000087200000| PB 0x0000000087200000| Complete 
|  51|0x0000000087300000, 0x0000000087400000, 0x0000000087400000|100%|HC|  |TAMS 0x0000000087300000| PB 0x0000000087300000| Complete 
|  52|0x0000000087400000, 0x0000000087500000, 0x0000000087500000|100%|HC|  |TAMS 0x0000000087400000| PB 0x0000000087400000| Complete 
|  53|0x0000000087500000, 0x0000000087600000, 0x0000000087600000|100%|HC|  |TAMS 0x0000000087500000| PB 0x0000000087500000| Complete 
|  54|0x0000000087600000, 0x0000000087700000, 0x0000000087700000|100%|HC|  |TAMS 0x0000000087600000| PB 0x0000000087600000| Complete 
|  55|0x0000000087700000, 0x0000000087800000, 0x0000000087800000|100%|HS|  |TAMS 0x0000000087700000| PB 0x0000000087700000| Complete 
|  56|0x0000000087800000, 0x0000000087900000, 0x0000000087900000|100%|HC|  |TAMS 0x0000000087800000| PB 0x0000000087800000| Complete 
|  57|0x0000000087900000, 0x0000000087a00000, 0x0000000087a00000|100%|HC|  |TAMS 0x0000000087900000| PB 0x0000000087900000| Complete 
|  58|0x0000000087a00000, 0x0000000087b00000, 0x0000000087b00000|100%|HC|  |TAMS 0x0000000087a00000| PB 0x0000000087a00000| Complete 
|  59|0x0000000087b00000, 0x0000000087c00000, 0x0000000087c00000|100%| O|  |TAMS 0x0000000087b00000| PB 0x0000000087b00000| Untracked 
|  60|0x0000000087c00000, 0x0000000087d00000, 0x0000000087d00000|100%| O|  |TAMS 0x0000000087c00000| PB 0x0000000087c00000| Untracked 
|  61|0x0000000087d00000, 0x0000000087d00000, 0x0000000087e00000|  0%| F|  |TAMS 0x0000000087d00000| PB 0x0000000087d00000| Untracked 
|  62|0x0000000087e00000, 0x0000000087e00000, 0x0000000087f00000|  0%| F|  |TAMS 0x0000000087e00000| PB 0x0000000087e00000| Untracked 
|  63|0x0000000087f00000, 0x0000000087f00000, 0x0000000088000000|  0%| F|  |TAMS 0x0000000087f00000| PB 0x0000000087f00000| Untracked 
|  64|0x0000000088000000, 0x00000000880dd2b8, 0x0000000088100000| 86%| S|CS|TAMS 0x0000000088000000| PB 0x0000000088000000| Complete 
|  65|0x0000000088100000, 0x0000000088200000, 0x0000000088200000|100%| S|CS|TAMS 0x0000000088100000| PB 0x0000000088100000| Complete 
|  66|0x0000000088200000, 0x0000000088300000, 0x0000000088300000|100%| S|CS|TAMS 0x0000000088200000| PB 0x0000000088200000| Complete 
|  67|0x0000000088300000, 0x0000000088400000, 0x0000000088400000|100%| S|CS|TAMS 0x0000000088300000| PB 0x0000000088300000| Complete 
|  68|0x0000000088400000, 0x0000000088500000, 0x0000000088500000|100%| S|CS|TAMS 0x0000000088400000| PB 0x0000000088400000| Complete 
|  69|0x0000000088500000, 0x0000000088500000, 0x0000000088600000|  0%| F|  |TAMS 0x0000000088500000| PB 0x0000000088500000| Untracked 
|  70|0x0000000088600000, 0x0000000088600000, 0x0000000088700000|  0%| F|  |TAMS 0x0000000088600000| PB 0x0000000088600000| Untracked 
|  71|0x0000000088700000, 0x0000000088700000, 0x0000000088800000|  0%| F|  |TAMS 0x0000000088700000| PB 0x0000000088700000| Untracked 
|  72|0x0000000088800000, 0x0000000088800000, 0x0000000088900000|  0%| F|  |TAMS 0x0000000088800000| PB 0x0000000088800000| Untracked 
|  73|0x0000000088900000, 0x0000000088900000, 0x0000000088a00000|  0%| F|  |TAMS 0x0000000088900000| PB 0x0000000088900000| Untracked 
|  74|0x0000000088a00000, 0x0000000088a00000, 0x0000000088b00000|  0%| F|  |TAMS 0x0000000088a00000| PB 0x0000000088a00000| Untracked 
|  75|0x0000000088b00000, 0x0000000088b00000, 0x0000000088c00000|  0%| F|  |TAMS 0x0000000088b00000| PB 0x0000000088b00000| Untracked 
|  76|0x0000000088c00000, 0x0000000088c00000, 0x0000000088d00000|  0%| F|  |TAMS 0x0000000088c00000| PB 0x0000000088c00000| Untracked 
|  77|0x0000000088d00000, 0x0000000088d00000, 0x0000000088e00000|  0%| F|  |TAMS 0x0000000088d00000| PB 0x0000000088d00000| Untracked 
|  78|0x0000000088e00000, 0x0000000088e00000, 0x0000000088f00000|  0%| F|  |TAMS 0x0000000088e00000| PB 0x0000000088e00000| Untracked 
|  79|0x0000000088f00000, 0x0000000088f00000, 0x0000000089000000|  0%| F|  |TAMS 0x0000000088f00000| PB 0x0000000088f00000| Untracked 
|  80|0x0000000089000000, 0x0000000089000000, 0x0000000089100000|  0%| F|  |TAMS 0x0000000089000000| PB 0x0000000089000000| Untracked 
|  81|0x0000000089100000, 0x0000000089100000, 0x0000000089200000|  0%| F|  |TAMS 0x0000000089100000| PB 0x0000000089100000| Untracked 
|  82|0x0000000089200000, 0x0000000089200000, 0x0000000089300000|  0%| F|  |TAMS 0x0000000089200000| PB 0x0000000089200000| Untracked 
|  83|0x0000000089300000, 0x0000000089300000, 0x0000000089400000|  0%| F|  |TAMS 0x0000000089300000| PB 0x0000000089300000| Untracked 
|  84|0x0000000089400000, 0x0000000089400000, 0x0000000089500000|  0%| F|  |TAMS 0x0000000089400000| PB 0x0000000089400000| Untracked 
|  85|0x0000000089500000, 0x0000000089500000, 0x0000000089600000|  0%| F|  |TAMS 0x0000000089500000| PB 0x0000000089500000| Untracked 
|  86|0x0000000089600000, 0x0000000089600000, 0x0000000089700000|  0%| F|  |TAMS 0x0000000089600000| PB 0x0000000089600000| Untracked 
|  87|0x0000000089700000, 0x0000000089700000, 0x0000000089800000|  0%| F|  |TAMS 0x0000000089700000| PB 0x0000000089700000| Untracked 
|  88|0x0000000089800000, 0x0000000089800000, 0x0000000089900000|  0%| F|  |TAMS 0x0000000089800000| PB 0x0000000089800000| Untracked 
|  89|0x0000000089900000, 0x0000000089900000, 0x0000000089a00000|  0%| F|  |TAMS 0x0000000089900000| PB 0x0000000089900000| Untracked 
|  90|0x0000000089a00000, 0x0000000089a00000, 0x0000000089b00000|  0%| F|  |TAMS 0x0000000089a00000| PB 0x0000000089a00000| Untracked 
|  91|0x0000000089b00000, 0x0000000089b00000, 0x0000000089c00000|  0%| F|  |TAMS 0x0000000089b00000| PB 0x0000000089b00000| Untracked 
|  92|0x0000000089c00000, 0x0000000089c00000, 0x0000000089d00000|  0%| F|  |TAMS 0x0000000089c00000| PB 0x0000000089c00000| Untracked 
|  93|0x0000000089d00000, 0x0000000089d00000, 0x0000000089e00000|  0%| F|  |TAMS 0x0000000089d00000| PB 0x0000000089d00000| Untracked 
|  94|0x0000000089e00000, 0x0000000089e00000, 0x0000000089f00000|  0%| F|  |TAMS 0x0000000089e00000| PB 0x0000000089e00000| Untracked 
|  95|0x0000000089f00000, 0x0000000089f00000, 0x000000008a000000|  0%| F|  |TAMS 0x0000000089f00000| PB 0x0000000089f00000| Untracked 
|  96|0x000000008a000000, 0x000000008a000000, 0x000000008a100000|  0%| F|  |TAMS 0x000000008a000000| PB 0x000000008a000000| Untracked 
|  97|0x000000008a100000, 0x000000008a100000, 0x000000008a200000|  0%| F|  |TAMS 0x000000008a100000| PB 0x000000008a100000| Untracked 
|  98|0x000000008a200000, 0x000000008a200000, 0x000000008a300000|  0%| F|  |TAMS 0x000000008a200000| PB 0x000000008a200000| Untracked 
|  99|0x000000008a300000, 0x000000008a300000, 0x000000008a400000|  0%| F|  |TAMS 0x000000008a300000| PB 0x000000008a300000| Untracked 
| 100|0x000000008a400000, 0x000000008a400000, 0x000000008a500000|  0%| F|  |TAMS 0x000000008a400000| PB 0x000000008a400000| Untracked 
| 101|0x000000008a500000, 0x000000008a500000, 0x000000008a600000|  0%| F|  |TAMS 0x000000008a500000| PB 0x000000008a500000| Untracked 
| 102|0x000000008a600000, 0x000000008a600000, 0x000000008a700000|  0%| F|  |TAMS 0x000000008a600000| PB 0x000000008a600000| Untracked 
| 103|0x000000008a700000, 0x000000008a700000, 0x000000008a800000|  0%| F|  |TAMS 0x000000008a700000| PB 0x000000008a700000| Untracked 
| 104|0x000000008a800000, 0x000000008a800000, 0x000000008a900000|  0%| F|  |TAMS 0x000000008a800000| PB 0x000000008a800000| Untracked 
| 105|0x000000008a900000, 0x000000008a900000, 0x000000008aa00000|  0%| F|  |TAMS 0x000000008a900000| PB 0x000000008a900000| Untracked 
| 106|0x000000008aa00000, 0x000000008aa00000, 0x000000008ab00000|  0%| F|  |TAMS 0x000000008aa00000| PB 0x000000008aa00000| Untracked 
| 107|0x000000008ab00000, 0x000000008ab00000, 0x000000008ac00000|  0%| F|  |TAMS 0x000000008ab00000| PB 0x000000008ab00000| Untracked 
| 108|0x000000008ac00000, 0x000000008ac00000, 0x000000008ad00000|  0%| F|  |TAMS 0x000000008ac00000| PB 0x000000008ac00000| Untracked 
| 109|0x000000008ad00000, 0x000000008ad00000, 0x000000008ae00000|  0%| F|  |TAMS 0x000000008ad00000| PB 0x000000008ad00000| Untracked 
| 110|0x000000008ae00000, 0x000000008ae00000, 0x000000008af00000|  0%| F|  |TAMS 0x000000008ae00000| PB 0x000000008ae00000| Untracked 
| 111|0x000000008af00000, 0x000000008af00000, 0x000000008b000000|  0%| F|  |TAMS 0x000000008af00000| PB 0x000000008af00000| Untracked 
| 112|0x000000008b000000, 0x000000008b000000, 0x000000008b100000|  0%| F|  |TAMS 0x000000008b000000| PB 0x000000008b000000| Untracked 
| 113|0x000000008b100000, 0x000000008b100000, 0x000000008b200000|  0%| F|  |TAMS 0x000000008b100000| PB 0x000000008b100000| Untracked 
| 114|0x000000008b200000, 0x000000008b200000, 0x000000008b300000|  0%| F|  |TAMS 0x000000008b200000| PB 0x000000008b200000| Untracked 
| 115|0x000000008b300000, 0x000000008b300000, 0x000000008b400000|  0%| F|  |TAMS 0x000000008b300000| PB 0x000000008b300000| Untracked 
| 116|0x000000008b400000, 0x000000008b400000, 0x000000008b500000|  0%| F|  |TAMS 0x000000008b400000| PB 0x000000008b400000| Untracked 
| 117|0x000000008b500000, 0x000000008b500000, 0x000000008b600000|  0%| F|  |TAMS 0x000000008b500000| PB 0x000000008b500000| Untracked 
| 118|0x000000008b600000, 0x000000008b600000, 0x000000008b700000|  0%| F|  |TAMS 0x000000008b600000| PB 0x000000008b600000| Untracked 
| 119|0x000000008b700000, 0x000000008b700000, 0x000000008b800000|  0%| F|  |TAMS 0x000000008b700000| PB 0x000000008b700000| Untracked 
| 120|0x000000008b800000, 0x000000008b800000, 0x000000008b900000|  0%| F|  |TAMS 0x000000008b800000| PB 0x000000008b800000| Untracked 
| 121|0x000000008b900000, 0x000000008b900000, 0x000000008ba00000|  0%| F|  |TAMS 0x000000008b900000| PB 0x000000008b900000| Untracked 
| 122|0x000000008ba00000, 0x000000008ba00000, 0x000000008bb00000|  0%| F|  |TAMS 0x000000008ba00000| PB 0x000000008ba00000| Untracked 
| 123|0x000000008bb00000, 0x000000008bb00000, 0x000000008bc00000|  0%| F|  |TAMS 0x000000008bb00000| PB 0x000000008bb00000| Untracked 
| 124|0x000000008bc00000, 0x000000008bd00000, 0x000000008bd00000|100%| E|  |TAMS 0x000000008bc00000| PB 0x000000008bc00000| Complete 
| 125|0x000000008bd00000, 0x000000008be00000, 0x000000008be00000|100%| E|CS|TAMS 0x000000008bd00000| PB 0x000000008bd00000| Complete 
| 126|0x000000008be00000, 0x000000008bf00000, 0x000000008bf00000|100%| E|CS|TAMS 0x000000008be00000| PB 0x000000008be00000| Complete 
| 127|0x000000008bf00000, 0x000000008c000000, 0x000000008c000000|100%| E|CS|TAMS 0x000000008bf00000| PB 0x000000008bf00000| Complete 
| 128|0x000000008c000000, 0x000000008c100000, 0x000000008c100000|100%| E|CS|TAMS 0x000000008c000000| PB 0x000000008c000000| Complete 
| 129|0x000000008c100000, 0x000000008c200000, 0x000000008c200000|100%| E|CS|TAMS 0x000000008c100000| PB 0x000000008c100000| Complete 
| 130|0x000000008c200000, 0x000000008c300000, 0x000000008c300000|100%| E|CS|TAMS 0x000000008c200000| PB 0x000000008c200000| Complete 
| 131|0x000000008c300000, 0x000000008c400000, 0x000000008c400000|100%| E|CS|TAMS 0x000000008c300000| PB 0x000000008c300000| Complete 
| 132|0x000000008c400000, 0x000000008c500000, 0x000000008c500000|100%| E|CS|TAMS 0x000000008c400000| PB 0x000000008c400000| Complete 
| 133|0x000000008c500000, 0x000000008c600000, 0x000000008c600000|100%| E|CS|TAMS 0x000000008c500000| PB 0x000000008c500000| Complete 
| 134|0x000000008c600000, 0x000000008c700000, 0x000000008c700000|100%| E|CS|TAMS 0x000000008c600000| PB 0x000000008c600000| Complete 
| 135|0x000000008c700000, 0x000000008c800000, 0x000000008c800000|100%| E|CS|TAMS 0x000000008c700000| PB 0x000000008c700000| Complete 
| 136|0x000000008c800000, 0x000000008c900000, 0x000000008c900000|100%| E|CS|TAMS 0x000000008c800000| PB 0x000000008c800000| Complete 
| 137|0x000000008c900000, 0x000000008ca00000, 0x000000008ca00000|100%| E|CS|TAMS 0x000000008c900000| PB 0x000000008c900000| Complete 
| 138|0x000000008ca00000, 0x000000008cb00000, 0x000000008cb00000|100%| E|CS|TAMS 0x000000008ca00000| PB 0x000000008ca00000| Complete 
| 139|0x000000008cb00000, 0x000000008cc00000, 0x000000008cc00000|100%| E|CS|TAMS 0x000000008cb00000| PB 0x000000008cb00000| Complete 
| 140|0x000000008cc00000, 0x000000008cd00000, 0x000000008cd00000|100%| E|CS|TAMS 0x000000008cc00000| PB 0x000000008cc00000| Complete 
| 141|0x000000008cd00000, 0x000000008ce00000, 0x000000008ce00000|100%| E|CS|TAMS 0x000000008cd00000| PB 0x000000008cd00000| Complete 
| 142|0x000000008ce00000, 0x000000008cf00000, 0x000000008cf00000|100%| E|CS|TAMS 0x000000008ce00000| PB 0x000000008ce00000| Complete 
| 143|0x000000008cf00000, 0x000000008d000000, 0x000000008d000000|100%| E|CS|TAMS 0x000000008cf00000| PB 0x000000008cf00000| Complete 
| 144|0x000000008d000000, 0x000000008d100000, 0x000000008d100000|100%| E|CS|TAMS 0x000000008d000000| PB 0x000000008d000000| Complete 
| 145|0x000000008d100000, 0x000000008d200000, 0x000000008d200000|100%| E|CS|TAMS 0x000000008d100000| PB 0x000000008d100000| Complete 
| 146|0x000000008d200000, 0x000000008d300000, 0x000000008d300000|100%| E|CS|TAMS 0x000000008d200000| PB 0x000000008d200000| Complete 
| 147|0x000000008d300000, 0x000000008d400000, 0x000000008d400000|100%| E|CS|TAMS 0x000000008d300000| PB 0x000000008d300000| Complete 
| 148|0x000000008d400000, 0x000000008d500000, 0x000000008d500000|100%| E|CS|TAMS 0x000000008d400000| PB 0x000000008d400000| Complete 
| 149|0x000000008d500000, 0x000000008d600000, 0x000000008d600000|100%| E|CS|TAMS 0x000000008d500000| PB 0x000000008d500000| Complete 
| 150|0x000000008d600000, 0x000000008d700000, 0x000000008d700000|100%| E|CS|TAMS 0x000000008d600000| PB 0x000000008d600000| Complete 
| 151|0x000000008d700000, 0x000000008d800000, 0x000000008d800000|100%| E|CS|TAMS 0x000000008d700000| PB 0x000000008d700000| Complete 
| 152|0x000000008d800000, 0x000000008d900000, 0x000000008d900000|100%| E|CS|TAMS 0x000000008d800000| PB 0x000000008d800000| Complete 
| 153|0x000000008d900000, 0x000000008da00000, 0x000000008da00000|100%| E|CS|TAMS 0x000000008d900000| PB 0x000000008d900000| Complete 
| 154|0x000000008da00000, 0x000000008db00000, 0x000000008db00000|100%| E|CS|TAMS 0x000000008da00000| PB 0x000000008da00000| Complete 
| 155|0x000000008db00000, 0x000000008dc00000, 0x000000008dc00000|100%| E|CS|TAMS 0x000000008db00000| PB 0x000000008db00000| Complete 
| 156|0x000000008dc00000, 0x000000008dd00000, 0x000000008dd00000|100%| E|CS|TAMS 0x000000008dc00000| PB 0x000000008dc00000| Complete 
| 157|0x000000008dd00000, 0x000000008de00000, 0x000000008de00000|100%| E|CS|TAMS 0x000000008dd00000| PB 0x000000008dd00000| Complete 
| 158|0x000000008de00000, 0x000000008df00000, 0x000000008df00000|100%| E|CS|TAMS 0x000000008de00000| PB 0x000000008de00000| Complete 
| 159|0x000000008df00000, 0x000000008e000000, 0x000000008e000000|100%| E|CS|TAMS 0x000000008df00000| PB 0x000000008df00000| Complete 
| 160|0x000000008e000000, 0x000000008e100000, 0x000000008e100000|100%| E|CS|TAMS 0x000000008e000000| PB 0x000000008e000000| Complete 
| 161|0x000000008e100000, 0x000000008e200000, 0x000000008e200000|100%| E|CS|TAMS 0x000000008e100000| PB 0x000000008e100000| Complete 
| 162|0x000000008e200000, 0x000000008e300000, 0x000000008e300000|100%| E|CS|TAMS 0x000000008e200000| PB 0x000000008e200000| Complete 
| 163|0x000000008e300000, 0x000000008e400000, 0x000000008e400000|100%| E|CS|TAMS 0x000000008e300000| PB 0x000000008e300000| Complete 
| 164|0x000000008e400000, 0x000000008e500000, 0x000000008e500000|100%| E|CS|TAMS 0x000000008e400000| PB 0x000000008e400000| Complete 
| 165|0x000000008e500000, 0x000000008e600000, 0x000000008e600000|100%| E|CS|TAMS 0x000000008e500000| PB 0x000000008e500000| Complete 
|1983|0x00000000fff00000, 0x0000000100000000, 0x0000000100000000|100%| O|  |TAMS 0x00000000fff00000| PB 0x00000000fff00000| Untracked 

Card table byte_map: [0x0000025d2a350000,0x0000025d2a730000] _byte_map_base: 0x0000025d29f30000

Marking Bits: (CMBitMap*) 0x0000025d128438e0
 Bits: [0x0000025d2a730000, 0x0000025d2c630000)

Polling page: 0x0000025d11fb0000

Metaspace:

Usage:
  Non-class:     45.97 MB used.
      Class:      5.92 MB used.
       Both:     51.89 MB used.

Virtual space:
  Non-class space:       64.00 MB reserved,      46.25 MB ( 72%) committed,  1 nodes.
      Class space:        1.00 GB reserved,       6.12 MB ( <1%) committed,  1 nodes.
             Both:        1.06 GB reserved,      52.38 MB (  5%) committed. 

Chunk freelists:
   Non-Class:  837.00 KB
       Class:  9.76 MB
        Both:  10.58 MB

MaxMetaspaceSize: unlimited
CompressedClassSpaceSize: 1.00 GB
Initial GC threshold: 21.00 MB
Current GC threshold: 86.56 MB
CDS: on
 - commit_granule_bytes: 65536.
 - commit_granule_words: 8192.
 - virtual_space_node_default_size: 8388608.
 - enlarge_chunks_in_place: 1.
 - use_allocation_guard: 0.


Internal statistics:

num_allocs_failed_limit: 12.
num_arena_births: 704.
num_arena_deaths: 0.
num_vsnodes_births: 2.
num_vsnodes_deaths: 0.
num_space_committed: 838.
num_space_uncommitted: 0.
num_chunks_returned_to_freelist: 12.
num_chunks_taken_from_freelist: 1960.
num_chunk_merges: 12.
num_chunk_splits: 1346.
num_chunks_enlarged: 969.
num_inconsistent_stats: 0.

CodeHeap 'non-profiled nmethods': size=120000Kb used=5835Kb max_used=5835Kb free=114164Kb
 bounds [0x0000025d22710000, 0x0000025d22cd0000, 0x0000025d29c40000]
CodeHeap 'profiled nmethods': size=120000Kb used=19097Kb max_used=19097Kb free=100902Kb
 bounds [0x0000025d1ac40000, 0x0000025d1bef0000, 0x0000025d22170000]
CodeHeap 'non-nmethods': size=5760Kb used=2272Kb max_used=2328Kb free=3488Kb
 bounds [0x0000025d22170000, 0x0000025d223e0000, 0x0000025d22710000]
 total_blobs=9888 nmethods=8918 adapters=872
 compilation: enabled
              stopped_count=0, restarted_count=0
 full_count=0

Compilation events (20 events):
Event: 418.789 Thread 0x0000025d2f0648c0 nmethod 9856 0x0000025d1bedaa10 code [0x0000025d1bedac00, 0x0000025d1bedb180]
Event: 418.789 Thread 0x0000025d2f0648c0 9857       3       sun.font.ExtendedTextSourceLabel::getSubset (24 bytes)
Event: 418.789 Thread 0x0000025d2f0648c0 nmethod 9857 0x0000025d1bedb390 code [0x0000025d1bedb580, 0x0000025d1bedb9f0]
Event: 418.789 Thread 0x0000025d2f0648c0 9859       3       net.sf.jasperreports.engine.export.AbstractTextRenderer::initialize (630 bytes)
Event: 418.793 Thread 0x0000025d2f0648c0 nmethod 9859 0x0000025d1bedbc10 code [0x0000025d1bedc1a0, 0x0000025d1bee00e0]
Event: 418.812 Thread 0x0000025d2f0648c0 9863       3       javax.swing.JViewport::windowBlitPaint (286 bytes)
Event: 418.814 Thread 0x0000025d2f0648c0 nmethod 9863 0x0000025d1bee1090 code [0x0000025d1bee1460, 0x0000025d1bee30b8]
Event: 418.814 Thread 0x0000025d2f0648c0 9864       3       javax.swing.JViewport::needsRepaintAfterBlit (64 bytes)
Event: 418.815 Thread 0x0000025d2f0648c0 nmethod 9864 0x0000025d1bee3b10 code [0x0000025d1bee3da0, 0x0000025d1bee4ae8]
Event: 418.815 Thread 0x0000025d2f05ddf0 nmethod 9860 0x0000025d22cbd810 code [0x0000025d22cbdb00, 0x0000025d22cbf060]
Event: 418.815 Thread 0x0000025d2f0648c0 9865       3       javax.swing.RepaintManager::notifyRepaintPerformed (51 bytes)
Event: 418.815 Thread 0x0000025d2f05ddf0 9862       4       java.util.ArrayList::toArray (57 bytes)
Event: 418.816 Thread 0x0000025d2f0648c0 nmethod 9865 0x0000025d1bee4f90 code [0x0000025d1bee51a0, 0x0000025d1bee5748]
Event: 418.820 Thread 0x0000025d2f05ddf0 nmethod 9862 0x0000025d22cbfc10 code [0x0000025d22cbfdc0, 0x0000025d22cc0418]
Event: 418.820 Thread 0x0000025d2f05ddf0 9861       4       sun.font.GlyphLayout$GVData::createGlyphVector (299 bytes)
Event: 418.895 Thread 0x0000025d2f05ddf0 nmethod 9861 0x0000025d22cc0610 code [0x0000025d22cc0900, 0x0000025d22cc20c0]
Event: 419.248 Thread 0x0000025d2f0648c0 9866       3       java.awt.geom.LineIterator::currentSegment (96 bytes)
Event: 419.249 Thread 0x0000025d2f0648c0 nmethod 9866 0x0000025d1bee5910 code [0x0000025d1bee5b40, 0x0000025d1bee6338]
Event: 419.631 Thread 0x0000025d2f0648c0 9867       3       javax.swing.AbstractButton::removeNotify (22 bytes)
Event: 419.632 Thread 0x0000025d2f0648c0 nmethod 9867 0x0000025d1bee6610 code [0x0000025d1bee67e0, 0x0000025d1bee6ba8]

GC Heap History (20 events):
Event: 3.783 GC heap before
{Heap before GC invocations=0 (full 0):
 garbage-first heap   total 126976K, used 27648K [0x0000000084000000, 0x0000000100000000)
  region size 1024K, 23 young (23552K), 0 survivors (0K)
 Metaspace       used 11014K, committed 11200K, reserved 1114112K
  class space    used 1209K, committed 1280K, reserved 1048576K
}
Event: 3.789 GC heap after
{Heap after GC invocations=1 (full 0):
 garbage-first heap   total 126976K, used 12586K [0x0000000084000000, 0x0000000100000000)
  region size 1024K, 3 young (3072K), 3 survivors (3072K)
 Metaspace       used 11014K, committed 11200K, reserved 1114112K
  class space    used 1209K, committed 1280K, reserved 1048576K
}
Event: 155.394 GC heap before
{Heap before GC invocations=1 (full 0):
 garbage-first heap   total 126976K, used 55594K [0x0000000084000000, 0x0000000100000000)
  region size 1024K, 28 young (28672K), 3 survivors (3072K)
 Metaspace       used 19476K, committed 19840K, reserved 1114112K
  class space    used 2207K, committed 2368K, reserved 1048576K
}
Event: 155.402 GC heap after
{Heap after GC invocations=2 (full 0):
 garbage-first heap   total 126976K, used 33405K [0x0000000084000000, 0x0000000100000000)
  region size 1024K, 3 young (3072K), 3 survivors (3072K)
 Metaspace       used 19476K, committed 19840K, reserved 1114112K
  class space    used 2207K, committed 2368K, reserved 1048576K
}
Event: 360.362 GC heap before
{Heap before GC invocations=2 (full 0):
 garbage-first heap   total 126976K, used 55933K [0x0000000084000000, 0x0000000100000000)
  region size 1024K, 26 young (26624K), 3 survivors (3072K)
 Metaspace       used 21189K, committed 21504K, reserved 1114112K
  class space    used 2345K, committed 2496K, reserved 1048576K
}
Event: 360.365 GC heap after
{Heap after GC invocations=3 (full 0):
 garbage-first heap   total 126976K, used 30677K [0x0000000084000000, 0x0000000100000000)
  region size 1024K, 3 young (3072K), 3 survivors (3072K)
 Metaspace       used 21189K, committed 21504K, reserved 1114112K
  class space    used 2345K, committed 2496K, reserved 1048576K
}
Event: 361.803 GC heap before
{Heap before GC invocations=4 (full 0):
 garbage-first heap   total 106496K, used 86997K [0x0000000084000000, 0x0000000100000000)
  region size 1024K, 61 young (62464K), 3 survivors (3072K)
 Metaspace       used 35643K, committed 36096K, reserved 1114112K
  class space    used 4178K, committed 4416K, reserved 1048576K
}
Event: 361.811 GC heap after
{Heap after GC invocations=5 (full 0):
 garbage-first heap   total 106496K, used 32032K [0x0000000084000000, 0x0000000100000000)
  region size 1024K, 6 young (6144K), 6 survivors (6144K)
 Metaspace       used 35643K, committed 36096K, reserved 1114112K
  class space    used 4178K, committed 4416K, reserved 1048576K
}
Event: 361.841 GC heap before
{Heap before GC invocations=5 (full 0):
 garbage-first heap   total 106496K, used 33056K [0x0000000084000000, 0x0000000100000000)
  region size 1024K, 8 young (8192K), 6 survivors (6144K)
 Metaspace       used 36027K, committed 36416K, reserved 1114112K
  class space    used 4223K, committed 4416K, reserved 1048576K
}
Event: 361.846 GC heap after
{Heap after GC invocations=6 (full 0):
 garbage-first heap   total 106496K, used 32058K [0x0000000084000000, 0x0000000100000000)
  region size 1024K, 4 young (4096K), 4 survivors (4096K)
 Metaspace       used 36027K, committed 36416K, reserved 1114112K
  class space    used 4223K, committed 4416K, reserved 1048576K
}
Event: 361.863 GC heap before
{Heap before GC invocations=6 (full 0):
 garbage-first heap   total 106496K, used 32058K [0x0000000084000000, 0x0000000100000000)
  region size 1024K, 5 young (5120K), 4 survivors (4096K)
 Metaspace       used 36358K, committed 36736K, reserved 1114112K
  class space    used 4275K, committed 4480K, reserved 1048576K
}
Event: 361.867 GC heap after
{Heap after GC invocations=7 (full 0):
 garbage-first heap   total 106496K, used 32010K [0x0000000084000000, 0x0000000100000000)
  region size 1024K, 4 young (4096K), 4 survivors (4096K)
 Metaspace       used 36358K, committed 36736K, reserved 1114112K
  class space    used 4275K, committed 4480K, reserved 1048576K
}
Event: 362.719 GC heap before
{Heap before GC invocations=8 (full 0):
 garbage-first heap   total 106496K, used 85258K [0x0000000084000000, 0x0000000100000000)
  region size 1024K, 56 young (57344K), 4 survivors (4096K)
 Metaspace       used 43704K, committed 44160K, reserved 1114112K
  class space    used 5117K, committed 5312K, reserved 1048576K
}
Event: 362.727 GC heap after
{Heap after GC invocations=9 (full 0):
 garbage-first heap   total 106496K, used 45082K [0x0000000084000000, 0x0000000100000000)
  region size 1024K, 7 young (7168K), 7 survivors (7168K)
 Metaspace       used 43704K, committed 44160K, reserved 1114112K
  class space    used 5117K, committed 5312K, reserved 1048576K
}
Event: 367.772 GC heap before
{Heap before GC invocations=9 (full 0):
 garbage-first heap   total 106496K, used 95258K [0x0000000084000000, 0x0000000100000000)
  region size 1024K, 46 young (47104K), 7 survivors (7168K)
 Metaspace       used 51798K, committed 52352K, reserved 1114112K
  class space    used 6027K, committed 6272K, reserved 1048576K
}
Event: 367.783 GC heap after
{Heap after GC invocations=10 (full 0):
 garbage-first heap   total 107520K, used 58935K [0x0000000084000000, 0x0000000100000000)
  region size 1024K, 4 young (4096K), 4 survivors (4096K)
 Metaspace       used 51798K, committed 52352K, reserved 1114112K
  class space    used 6027K, committed 6272K, reserved 1048576K
}
Event: 393.899 GC heap before
{Heap before GC invocations=10 (full 0):
 garbage-first heap   total 107520K, used 83511K [0x0000000084000000, 0x0000000100000000)
  region size 1024K, 29 young (29696K), 4 survivors (4096K)
 Metaspace       used 52664K, committed 53184K, reserved 1114112K
  class space    used 6065K, committed 6272K, reserved 1048576K
}
Event: 393.903 GC heap after
{Heap after GC invocations=11 (full 0):
 garbage-first heap   total 107520K, used 59897K [0x0000000084000000, 0x0000000100000000)
  region size 1024K, 1 young (1024K), 1 survivors (1024K)
 Metaspace       used 52664K, committed 53184K, reserved 1114112K
  class space    used 6065K, committed 6272K, reserved 1048576K
}
Event: 395.630 GC heap before
{Heap before GC invocations=12 (full 0):
 garbage-first heap   total 107520K, used 85497K [0x0000000084000000, 0x0000000100000000)
  region size 1024K, 35 young (35840K), 1 survivors (1024K)
 Metaspace       used 52822K, committed 53312K, reserved 1114112K
  class space    used 6065K, committed 6272K, reserved 1048576K
}
Event: 395.633 GC heap after
{Heap after GC invocations=13 (full 0):
 garbage-first heap   total 171008K, used 55918K [0x0000000084000000, 0x0000000100000000)
  region size 1024K, 5 young (5120K), 5 survivors (5120K)
 Metaspace       used 52822K, committed 53312K, reserved 1114112K
  class space    used 6065K, committed 6272K, reserved 1048576K
}

Dll operation events (14 events):
Event: 0.016 Loaded shared library C:\Program Files\Java\jdk-21\bin\java.dll
Event: 0.076 Loaded shared library C:\Program Files\Java\jdk-21\bin\jsvml.dll
Event: 0.259 Loaded shared library C:\Program Files\Java\jdk-21\bin\net.dll
Event: 0.265 Loaded shared library C:\Program Files\Java\jdk-21\bin\nio.dll
Event: 0.316 Loaded shared library C:\Program Files\Java\jdk-21\bin\zip.dll
Event: 0.480 Loaded shared library C:\Program Files\Java\jdk-21\bin\jimage.dll
Event: 0.552 Loaded shared library C:\Program Files\Java\jdk-21\bin\awt.dll
Event: 0.732 Loaded shared library C:\Program Files\Java\jdk-21\bin\freetype.dll
Event: 0.734 Loaded shared library C:\Program Files\Java\jdk-21\bin\fontmanager.dll
Event: 1.020 Loaded shared library C:\Users\geany\AppData\Local\Temp\flatlaf.temp\flatlaf-windows-x86_64-832530568118000.dll
Event: 9.006 Loaded shared library C:\Program Files\Java\jdk-21\bin\extnet.dll
Event: 14.106 Loaded shared library C:\Program Files\Java\jdk-21\bin\verify.dll
Event: 360.510 Loaded shared library C:\Program Files\Java\jdk-21\bin\management.dll
Event: 360.517 Loaded shared library C:\Program Files\Java\jdk-21\bin\management_ext.dll

Deoptimization events (20 events):
Event: 405.224 Thread 0x0000025d2f415070 Uncommon trap: trap_request=0xffffff45 fr.pc=0x0000025d22ca1ea8 relative=0x00000000000008c8
Event: 405.224 Thread 0x0000025d2f415070 Uncommon trap: reason=unstable_if action=reinterpret pc=0x0000025d22ca1ea8 method=sun.java2d.marlin.MergeSort.mergeSort([I[I[I[I[I[III)V @ 335 c2
Event: 405.224 Thread 0x0000025d2f415070 DEOPT PACKING pc=0x0000025d22ca1ea8 sp=0x000000ae863fbe10
Event: 405.224 Thread 0x0000025d2f415070 DEOPT UNPACKING pc=0x0000025d221c7da2 sp=0x000000ae863fbda0 mode 2
Event: 405.224 Thread 0x0000025d2f415070 Uncommon trap: trap_request=0xffffff45 fr.pc=0x0000025d22ca24b8 relative=0x0000000000000ed8
Event: 405.224 Thread 0x0000025d2f415070 Uncommon trap: reason=unstable_if action=reinterpret pc=0x0000025d22ca24b8 method=sun.java2d.marlin.MergeSort.mergeSort([I[I[I[I[I[III)V @ 277 c2
Event: 405.224 Thread 0x0000025d2f415070 DEOPT PACKING pc=0x0000025d22ca24b8 sp=0x000000ae863fbea0
Event: 405.224 Thread 0x0000025d2f415070 DEOPT UNPACKING pc=0x0000025d221c7da2 sp=0x000000ae863fbe70 mode 2
Event: 405.225 Thread 0x0000025d2f415070 Uncommon trap: trap_request=0xffffff45 fr.pc=0x0000025d227b1dd0 relative=0x0000000000000e30
Event: 405.225 Thread 0x0000025d2f415070 Uncommon trap: reason=unstable_if action=reinterpret pc=0x0000025d227b1dd0 method=sun.java2d.marlin.MarlinCache.touchTile(IIII[I)V @ 114 c2
Event: 405.225 Thread 0x0000025d2f415070 DEOPT PACKING pc=0x0000025d227b1dd0 sp=0x000000ae863fbca0
Event: 405.225 Thread 0x0000025d2f415070 DEOPT UNPACKING pc=0x0000025d221c7da2 sp=0x000000ae863fbad8 mode 2
Event: 418.451 Thread 0x0000025d2f415070 Uncommon trap: trap_request=0xffffffdc fr.pc=0x0000025d22cb524c relative=0x000000000000028c
Event: 418.451 Thread 0x0000025d2f415070 Uncommon trap: reason=class_check action=make_not_entrant pc=0x0000025d22cb524c method=java.util.ArrayList.toArray([Ljava/lang/Object;)[Ljava/lang/Object; @ 21 c2
Event: 418.451 Thread 0x0000025d2f415070 DEOPT PACKING pc=0x0000025d22cb524c sp=0x000000ae863fdee0
Event: 418.451 Thread 0x0000025d2f415070 DEOPT UNPACKING pc=0x0000025d221c7da2 sp=0x000000ae863fde90 mode 2
Event: 418.834 Thread 0x0000025d2f415070 Uncommon trap: trap_request=0xffffffcc fr.pc=0x0000025d22cc0034 relative=0x0000000000000274
Event: 418.834 Thread 0x0000025d2f415070 Uncommon trap: reason=intrinsic_or_type_checked_inlining action=make_not_entrant pc=0x0000025d22cc0034 method=java.util.ArrayList.toArray([Ljava/lang/Object;)[Ljava/lang/Object; @ 36 c2
Event: 418.834 Thread 0x0000025d2f415070 DEOPT PACKING pc=0x0000025d22cc0034 sp=0x000000ae863fcca0
Event: 418.834 Thread 0x0000025d2f415070 DEOPT UNPACKING pc=0x0000025d221c7da2 sp=0x000000ae863fcc80 mode 2

Classes loaded (20 events):
Event: 364.227 Loading class sun/awt/geom/Curve
Event: 364.228 Loading class sun/awt/geom/Curve done
Event: 364.231 Loading class java/awt/font/TextLine$TextLineMetrics
Event: 364.231 Loading class java/awt/font/TextLine$TextLineMetrics done
Event: 364.231 Loading class java/awt/font/TextLayout
Event: 364.232 Loading class java/awt/font/TextLayout done
Event: 364.232 Loading class java/awt/font/TextLayout$CaretPolicy
Event: 364.232 Loading class java/awt/font/TextLayout$CaretPolicy done
Event: 364.290 Loading class com/sun/java/swing/SwingUtilities3$UnscaledBorderPainter
Event: 364.290 Loading class com/sun/java/swing/SwingUtilities3$UnscaledBorderPainter done
Event: 365.625 Loading class sun/awt/windows/WComponentPeer$1
Event: 365.625 Loading class sun/awt/windows/WComponentPeer$1 done
Event: 365.687 Loading class sun/java2d/opengl/OGLSurfaceData
Event: 365.689 Loading class sun/java2d/opengl/OGLSurfaceData done
Event: 371.152 Loading class java/awt/geom/Path2D$Double
Event: 371.152 Loading class java/awt/geom/Path2D$Double done
Event: 371.154 Loading class java/awt/geom/Path2D$Double$TxIterator
Event: 371.154 Loading class java/awt/geom/Path2D$Double$TxIterator done
Event: 371.158 Loading class java/awt/geom/Path2D$Double$CopyIterator
Event: 371.158 Loading class java/awt/geom/Path2D$Double$CopyIterator done

Classes unloaded (0 events):
No events

Classes redefined (0 events):
No events

Internal exceptions (20 events):
Event: 362.913 Thread 0x0000025d2f415070 Exception <a 'java/lang/NoSuchMethodError'{0x000000008a1ddd78}: 'int java.lang.invoke.DirectMethodHandle$Holder.invokeSpecial(java.lang.Object, java.lang.Object, int, int)'> (0x000000008a1ddd78) 
thrown [s\open\src\hotspot\share\interpreter\linkResolver.cpp, line 773]
Event: 362.914 Thread 0x0000025d2f415070 Exception <a 'java/lang/NoSuchMethodError'{0x000000008a1ec220}: 'int java.lang.invoke.Invokers$Holder.linkToTargetMethod(java.lang.Object, java.lang.Object)'> (0x000000008a1ec220) 
thrown [s\open\src\hotspot\share\interpreter\linkResolver.cpp, line 773]
Event: 362.919 Thread 0x0000025d2f415070 Exception <a 'java/lang/NoSuchMethodError'{0x000000008a00a8e0}: 'java.lang.Object java.lang.invoke.DirectMethodHandle$Holder.invokeSpecial(java.lang.Object, java.lang.Object, int, java.lang.Object, java.lang.Object)'> (0x000000008a00a8e0) 
thrown [s\open\src\hotspot\share\interpreter\linkResolver.cpp, line 773]
Event: 362.919 Thread 0x0000025d2f415070 Exception <a 'java/lang/NoSuchMethodError'{0x000000008a00e870}: 'java.lang.Object java.lang.invoke.DelegatingMethodHandle$Holder.delegate(java.lang.Object, int, java.lang.Object, java.lang.Object)'> (0x000000008a00e870) 
thrown [s\open\src\hotspot\share\interpreter\linkResolver.cpp, line 773]
Event: 362.922 Thread 0x0000025d2f415070 Exception <a 'java/lang/NoSuchMethodError'{0x000000008a01e0d0}: 'int java.lang.invoke.Invokers$Holder.linkToTargetMethod(java.lang.Object, java.lang.Object, java.lang.Object)'> (0x000000008a01e0d0) 
thrown [s\open\src\hotspot\share\interpreter\linkResolver.cpp, line 773]
Event: 362.925 Thread 0x0000025d2f415070 Exception <a 'sun/nio/fs/WindowsException'{0x000000008a029730}> (0x000000008a029730) 
thrown [s\open\src\hotspot\share\prims\jni.cpp, line 520]
Event: 363.657 Thread 0x0000025d2f415070 Exception <a 'java/lang/NoSuchMethodError'{0x00000000897ce2a8}: 'java.lang.Object java.lang.invoke.DirectMethodHandle$Holder.invokeStaticInit(java.lang.Object, int, int, int, int)'> (0x00000000897ce2a8) 
thrown [s\open\src\hotspot\share\interpreter\linkResolver.cpp, line 773]
Event: 363.678 Thread 0x0000025d2f415070 Exception <a 'java/lang/NoSuchMethodError'{0x0000000089695620}: 'java.lang.Object java.lang.invoke.DirectMethodHandle$Holder.invokeStaticInit(java.lang.Object, java.lang.Object, int, int, int, int)'> (0x0000000089695620) 
thrown [s\open\src\hotspot\share\interpreter\linkResolver.cpp, line 773]
Event: 363.785 Thread 0x0000025d2f415070 Exception <a 'java/lang/NoSuchMethodError'{0x000000008948d2e0}: 'void java.lang.invoke.DirectMethodHandle$Holder.invokeStatic(java.lang.Object, java.lang.Object, java.lang.Object, java.lang.Object, java.lang.Object, java.lang.Object)'> (0x000000008948d2e0) 
thrown [s\open\src\hotspot\share\interpreter\linkResolver.cpp, line 773]
Event: 363.846 Thread 0x0000025d2f415070 Exception <a 'java/lang/NoSuchMethodError'{0x000000008927e970}: 'int java.lang.invoke.DirectMethodHandle$Holder.invokeStatic(java.lang.Object, java.lang.Object, int, int)'> (0x000000008927e970) 
thrown [s\open\src\hotspot\share\interpreter\linkResolver.cpp, line 773]
Event: 363.847 Thread 0x0000025d2f415070 Exception <a 'java/lang/NoSuchMethodError'{0x0000000089285b48}: 'int java.lang.invoke.DelegatingMethodHandle$Holder.reinvoke_L(java.lang.Object, java.lang.Object, int, int)'> (0x0000000089285b48) 
thrown [s\open\src\hotspot\share\interpreter\linkResolver.cpp, line 773]
Event: 365.793 Thread 0x0000025d2f415070 Implicit null exception at 0x0000025d22ad83b3 to 0x0000025d22ad863c
Event: 395.370 Thread 0x0000025d2f415070 Exception <a 'sun/nio/fs/WindowsException'{0x0000000089275400}> (0x0000000089275400) 
thrown [s\open\src\hotspot\share\prims\jni.cpp, line 520]
Event: 395.753 Thread 0x0000025d2f415070 Exception <a 'sun/nio/fs/WindowsException'{0x000000008d4dc698}> (0x000000008d4dc698) 
thrown [s\open\src\hotspot\share\prims\jni.cpp, line 520]
Event: 395.753 Thread 0x0000025d2f415070 Exception <a 'sun/nio/fs/WindowsException'{0x000000008d4e1150}> (0x000000008d4e1150) 
thrown [s\open\src\hotspot\share\prims\jni.cpp, line 520]
Event: 395.753 Thread 0x0000025d2f415070 Exception <a 'sun/nio/fs/WindowsException'{0x000000008d4ebca8}> (0x000000008d4ebca8) 
thrown [s\open\src\hotspot\share\prims\jni.cpp, line 520]
Event: 395.754 Thread 0x0000025d2f415070 Exception <a 'sun/nio/fs/WindowsException'{0x000000008d34adb0}> (0x000000008d34adb0) 
thrown [s\open\src\hotspot\share\prims\jni.cpp, line 520]
Event: 395.760 Thread 0x0000025d2f415070 Exception <a 'sun/nio/fs/WindowsException'{0x000000008d29bc88}> (0x000000008d29bc88) 
thrown [s\open\src\hotspot\share\prims\jni.cpp, line 520]
Event: 395.765 Thread 0x0000025d2f415070 Exception <a 'sun/nio/fs/WindowsException'{0x000000008d1ec3b8}> (0x000000008d1ec3b8) 
thrown [s\open\src\hotspot\share\prims\jni.cpp, line 520]
Event: 395.848 Thread 0x0000025d2f415070 Exception <a 'sun/nio/fs/WindowsException'{0x000000008c9a3b48}> (0x000000008c9a3b48) 
thrown [s\open\src\hotspot\share\prims\jni.cpp, line 520]

ZGC Phase Switch (0 events):
No events

VM Operations (20 events):
Event: 395.815 Executing VM operation: ICBufferFull
Event: 395.815 Executing VM operation: ICBufferFull done
Event: 395.897 Executing VM operation: HandshakeAllThreads (Deoptimize)
Event: 395.897 Executing VM operation: HandshakeAllThreads (Deoptimize) done
Event: 396.061 Executing VM operation: ICBufferFull
Event: 396.061 Executing VM operation: ICBufferFull done
Event: 397.076 Executing VM operation: Cleanup
Event: 397.076 Executing VM operation: Cleanup done
Event: 398.083 Executing VM operation: Cleanup
Event: 398.083 Executing VM operation: Cleanup done
Event: 403.118 Executing VM operation: Cleanup
Event: 403.118 Executing VM operation: Cleanup done
Event: 405.123 Executing VM operation: Cleanup
Event: 405.123 Executing VM operation: Cleanup done
Event: 406.130 Executing VM operation: Cleanup
Event: 406.130 Executing VM operation: Cleanup done
Event: 412.165 Executing VM operation: Cleanup
Event: 412.165 Executing VM operation: Cleanup done
Event: 419.199 Executing VM operation: Cleanup
Event: 419.199 Executing VM operation: Cleanup done

Events (20 events):
Event: 393.929 Thread 0x0000025d2f0355b0 flushing nmethod 0x0000025d22995510
Event: 393.929 Thread 0x0000025d2f0355b0 flushing nmethod 0x0000025d22914610
Event: 393.929 Thread 0x0000025d2f0355b0 flushing nmethod 0x0000025d2286fb10
Event: 393.929 Thread 0x0000025d2f0355b0 flushing nmethod 0x0000025d22857a90
Event: 393.929 Thread 0x0000025d2f0355b0 flushing nmethod 0x0000025d227ab190
Event: 393.929 Thread 0x0000025d2f0355b0 flushing nmethod 0x0000025d2279f110
Event: 393.929 Thread 0x0000025d2f0355b0 flushing nmethod 0x0000025d22792d10
Event: 393.929 Thread 0x0000025d2f0355b0 flushing nmethod 0x0000025d2278df10
Event: 393.929 Thread 0x0000025d2f0355b0 flushing nmethod 0x0000025d227a1110
Event: 393.929 Thread 0x0000025d2f0355b0 flushing nmethod 0x0000025d2277a410
Event: 393.929 Thread 0x0000025d2f0355b0 flushing nmethod 0x0000025d22779090
Event: 395.149 Thread 0x0000025d76a86850 Thread added: 0x0000025d76a86850
Event: 395.149 Thread 0x0000025d2fcecc70 Thread added: 0x0000025d2fcecc70
Event: 395.727 Thread 0x0000025d2fcecc70 Thread exited: 0x0000025d2fcecc70
Event: 395.834 Thread 0x0000025d78668140 Thread added: 0x0000025d78668140
Event: 397.226 Thread 0x0000025d78668140 Thread exited: 0x0000025d78668140
Event: 400.313 Thread 0x0000025d76a86850 Thread exited: 0x0000025d76a86850
Event: 401.053 Thread 0x0000025d762b6e40 Thread exited: 0x0000025d762b6e40
Event: 404.531 Thread 0x0000025d76a86850 Thread added: 0x0000025d76a86850
Event: 405.198 Thread 0x0000025d76a86850 Thread exited: 0x0000025d76a86850


Dynamic libraries:
0x00007ff6c5690000 - 0x00007ff6c56a0000 	C:\Program Files\Java\jdk-21\bin\java.exe
0x00007ff868b10000 - 0x00007ff868d27000 	C:\WINDOWS\SYSTEM32\ntdll.dll
0x00007ff867e80000 - 0x00007ff867f44000 	C:\WINDOWS\System32\KERNEL32.DLL
0x00007ff866090000 - 0x00007ff866436000 	C:\WINDOWS\System32\KERNELBASE.dll
0x00007ff8666d0000 - 0x00007ff8667e1000 	C:\WINDOWS\System32\ucrtbase.dll
0x00007ff852fe0000 - 0x00007ff852ffb000 	C:\Program Files\Java\jdk-21\bin\VCRUNTIME140.dll
0x00007ff8376c0000 - 0x00007ff8376d9000 	C:\Program Files\Java\jdk-21\bin\jli.dll
0x00007ff8689d0000 - 0x00007ff868a83000 	C:\WINDOWS\System32\ADVAPI32.dll
0x00007ff867f50000 - 0x00007ff867ff7000 	C:\WINDOWS\System32\msvcrt.dll
0x00007ff868670000 - 0x00007ff868718000 	C:\WINDOWS\System32\sechost.dll
0x00007ff866500000 - 0x00007ff866528000 	C:\WINDOWS\System32\bcrypt.dll
0x00007ff867d60000 - 0x00007ff867e77000 	C:\WINDOWS\System32\RPCRT4.dll
0x00007ff868000000 - 0x00007ff8681ae000 	C:\WINDOWS\System32\USER32.dll
0x00007ff8666a0000 - 0x00007ff8666c6000 	C:\WINDOWS\System32\win32u.dll
0x00007ff84f540000 - 0x00007ff84f7d3000 	C:\WINDOWS\WinSxS\amd64_microsoft.windows.common-controls_6595b64144ccf1df_6.0.22621.2506_none_270c5ae97388e100\COMCTL32.dll
0x00007ff868a90000 - 0x00007ff868ab9000 	C:\WINDOWS\System32\GDI32.dll
0x00007ff865f70000 - 0x00007ff866088000 	C:\WINDOWS\System32\gdi32full.dll
0x00007ff865ed0000 - 0x00007ff865f6a000 	C:\WINDOWS\System32\msvcp_win.dll
0x00007ff85e450000 - 0x00007ff85e45a000 	C:\WINDOWS\SYSTEM32\VERSION.dll
0x00007ff866e40000 - 0x00007ff866e71000 	C:\WINDOWS\System32\IMM32.DLL
0x00007ff85ef40000 - 0x00007ff85ef4c000 	C:\Program Files\Java\jdk-21\bin\vcruntime140_1.dll
0x00007ff80b320000 - 0x00007ff80b3ae000 	C:\Program Files\Java\jdk-21\bin\msvcp140.dll
0x00007ff804810000 - 0x00007ff805525000 	C:\Program Files\Java\jdk-21\bin\server\jvm.dll
0x00007ff866f70000 - 0x00007ff866fe1000 	C:\WINDOWS\System32\WS2_32.dll
0x00007ff865d20000 - 0x00007ff865d6d000 	C:\WINDOWS\SYSTEM32\POWRPROF.dll
0x00007ff85ec30000 - 0x00007ff85ec64000 	C:\WINDOWS\SYSTEM32\WINMM.dll
0x00007ff865d00000 - 0x00007ff865d13000 	C:\WINDOWS\SYSTEM32\UMPDC.dll
0x00007ff864de0000 - 0x00007ff864df8000 	C:\WINDOWS\SYSTEM32\kernel.appcore.dll
0x00007ff85e120000 - 0x00007ff85e12a000 	C:\Program Files\Java\jdk-21\bin\jimage.dll
0x00007ff863680000 - 0x00007ff8638b3000 	C:\WINDOWS\SYSTEM32\DBGHELP.DLL
0x00007ff8682b0000 - 0x00007ff868639000 	C:\WINDOWS\System32\combase.dll
0x00007ff866860000 - 0x00007ff866937000 	C:\WINDOWS\System32\OLEAUT32.dll
0x00007ff85c580000 - 0x00007ff85c5b2000 	C:\WINDOWS\SYSTEM32\dbgcore.DLL
0x00007ff865e50000 - 0x00007ff865eca000 	C:\WINDOWS\System32\bcryptPrimitives.dll
0x00007ff835b50000 - 0x00007ff835b6f000 	C:\Program Files\Java\jdk-21\bin\java.dll
0x00007ff866ff0000 - 0x00007ff86784a000 	C:\WINDOWS\System32\SHELL32.dll
0x00007ff863d50000 - 0x00007ff864646000 	C:\WINDOWS\SYSTEM32\windows.storage.dll
0x00007ff863c10000 - 0x00007ff863d4e000 	C:\WINDOWS\SYSTEM32\wintypes.dll
0x00007ff866940000 - 0x00007ff866a33000 	C:\WINDOWS\System32\SHCORE.dll
0x00007ff868720000 - 0x00007ff86877e000 	C:\WINDOWS\System32\shlwapi.dll
0x00007ff865d80000 - 0x00007ff865da6000 	C:\WINDOWS\SYSTEM32\profapi.dll
0x00007ff80a310000 - 0x00007ff80a3e7000 	C:\Program Files\Java\jdk-21\bin\jsvml.dll
0x00007ff85c870000 - 0x00007ff85c880000 	C:\Program Files\Java\jdk-21\bin\net.dll
0x00007ff85f1f0000 - 0x00007ff85f327000 	C:\WINDOWS\SYSTEM32\WINHTTP.dll
0x00007ff8652c0000 - 0x00007ff865329000 	C:\WINDOWS\system32\mswsock.dll
0x00007ff835900000 - 0x00007ff835916000 	C:\Program Files\Java\jdk-21\bin\nio.dll
0x00007ff8358e0000 - 0x00007ff8358f8000 	C:\Program Files\Java\jdk-21\bin\zip.dll
0x00007ff806800000 - 0x00007ff80698f000 	C:\Program Files\Java\jdk-21\bin\awt.dll
0x00007ff862d10000 - 0x00007ff862da7000 	C:\WINDOWS\SYSTEM32\apphelp.dll
0x00007ff862ee0000 - 0x00007ff862f8b000 	C:\WINDOWS\system32\uxtheme.dll
0x00007ff866a40000 - 0x00007ff866b90000 	C:\WINDOWS\System32\MSCTF.dll
0x00007ff866bf0000 - 0x00007ff866d90000 	C:\WINDOWS\System32\ole32.dll
0x00007ff838da0000 - 0x00007ff838e27000 	C:\Program Files\Java\jdk-21\bin\freetype.dll
0x00007ff822cc0000 - 0x00007ff822d93000 	C:\Program Files\Java\jdk-21\bin\fontmanager.dll
0x00007ff863140000 - 0x00007ff86316b000 	C:\WINDOWS\system32\DWMAPI.DLL
0x00007ff850b50000 - 0x00007ff850c50000 	C:\WINDOWS\system32\opengl32.dll
0x00007ff85eea0000 - 0x00007ff85eecd000 	C:\WINDOWS\SYSTEM32\GLU32.dll
0x00007ff862fe0000 - 0x00007ff863016000 	C:\WINDOWS\SYSTEM32\dxcore.dll
0x00007ff85f3d0000 - 0x00007ff85f3d6000 	C:\Users\geany\AppData\Local\Temp\flatlaf.temp\flatlaf-windows-x86_64-832530568118000.dll
0x00007ff85ef10000 - 0x00007ff85ef17000 	C:\Program Files\Java\jdk-21\bin\jawt.dll
0x00007ff83acc0000 - 0x00007ff83ae0a000 	C:\WINDOWS\SYSTEM32\textinputframework.dll
0x00007ff862a30000 - 0x00007ff862b64000 	C:\WINDOWS\SYSTEM32\CoreMessaging.dll
0x00007ff85da80000 - 0x00007ff85ddec000 	C:\WINDOWS\SYSTEM32\CoreUIComponents.dll
0x00007ff8654e0000 - 0x00007ff8654ec000 	C:\WINDOWS\SYSTEM32\CRYPTBASE.DLL
0x00007ff866d90000 - 0x00007ff866e40000 	C:\WINDOWS\System32\clbcatq.dll
0x00007ff861350000 - 0x00007ff861500000 	C:\WINDOWS\SYSTEM32\WindowsCodecs.dll
0x00007ff842190000 - 0x00007ff8421ee000 	C:\WINDOWS\system32\dataexchange.dll
0x00007ff85bf60000 - 0x00007ff85c1e5000 	C:\WINDOWS\system32\twinapi.appcore.dll
0x00007ff864920000 - 0x00007ff864a19000 	C:\WINDOWS\SYSTEM32\DNSAPI.dll
0x00007ff8648b0000 - 0x00007ff8648dd000 	C:\WINDOWS\SYSTEM32\IPHLPAPI.DLL
0x00007ff866be0000 - 0x00007ff866be9000 	C:\WINDOWS\System32\NSI.dll
0x00007ff85e4c0000 - 0x00007ff85e4ca000 	C:\Windows\System32\rasadhlp.dll
0x00007ff85d5f0000 - 0x00007ff85d673000 	C:\WINDOWS\System32\fwpuclnt.dll
0x00007ff853aa0000 - 0x00007ff853aa7000 	C:\Program Files\Java\jdk-21\bin\extnet.dll
0x00007ff85e130000 - 0x00007ff85e140000 	C:\Program Files\Java\jdk-21\bin\verify.dll
0x00007ff85d7f0000 - 0x00007ff85d7fa000 	C:\Program Files\Java\jdk-21\bin\management.dll
0x00007ff85d7e0000 - 0x00007ff85d7eb000 	C:\Program Files\Java\jdk-21\bin\management_ext.dll
0x00007ff868ac0000 - 0x00007ff868ac8000 	C:\WINDOWS\System32\PSAPI.DLL
0x00007ff84e5a0000 - 0x00007ff84e5b7000 	C:\WINDOWS\system32\napinsp.dll
0x00007ff84e580000 - 0x00007ff84e59b000 	C:\WINDOWS\system32\pnrpnsp.dll
0x00007ff84a2e0000 - 0x00007ff84a2f1000 	C:\WINDOWS\System32\winrnr.dll
0x00007ff85e400000 - 0x00007ff85e415000 	C:\WINDOWS\system32\wshbth.dll
0x00007ff8417b0000 - 0x00007ff8417d1000 	C:\WINDOWS\system32\nlansp_c.dll
0x00007ff8654f0000 - 0x00007ff86550b000 	C:\WINDOWS\SYSTEM32\CRYPTSP.dll
0x00007ff864da0000 - 0x00007ff864dd5000 	C:\WINDOWS\system32\rsaenh.dll
0x00007ff865380000 - 0x00007ff8653ac000 	C:\WINDOWS\SYSTEM32\USERENV.dll

dbghelp: loaded successfully - version: 4.0.5 - missing functions: none
symbol engine: initialized successfully - sym options: 0x614 - pdb path: .;C:\Program Files\Java\jdk-21\bin;C:\WINDOWS\SYSTEM32;C:\WINDOWS\WinSxS\amd64_microsoft.windows.common-controls_6595b64144ccf1df_6.0.22621.2506_none_270c5ae97388e100;C:\Program Files\Java\jdk-21\bin\server;C:\Users\geany\AppData\Local\Temp\flatlaf.temp

VM Arguments:
jvm_args: -Dfile.encoding=UTF-8 --module-path=C:\Users\geany\Documents\NetBeansProjects\gmgMultiverso\build\classes 
java_command: gmgmultiverso.GmgMultiverso
java_class_path (initial): C:\Users\geany\Documents\NetBeansProjects\gmgMultiverso\src\biblioteca\Componente1Proyectov3.jar;C:\Users\geany\Documents\NetBeansProjects\gmgMultiverso\src\biblioteca\Componente3Proyecto.jar;C:\Users\geany\Documents\NetBeansProjects\gmgMultiverso\src\biblioteca\hsqldb.jar;C:\Program Files\NetBeans-19\netbeans\java\modules\ext\AbsoluteLayout.jar;C:\Users\geany\Documents\NetBeansProjects\gmgMultiverso\src\biblioteca\flatlaf-1.2.jar;C:\Users\geany\Documents\NetBeansProjects\gmgMultiverso\src\biblioteca\flatlaf-intellij-themes-1.2.jar;C:\Users\geany\Documents\NetBeansProjects\gmgMultiverso\src\biblioteca\Componente2Proyectov2Anadir.jar;C:\Users\geany\Documents\NetBeansProjects\gmgMultiverso\src\biblioteca\Componente2Proyectov2.jar;C:\Users\geany\Documents\NetBeansProjects\gmgMultiverso\src\biblioteca\jcalendar-1.4.jar;C:\Users\geany\Documents\NetBeansProjects\gmgMultiverso\src\ayuda\bibliotecaAyuda\jhall.jar;C:\Users\geany\Documents\NetBeansProjects\gmgMultiverso\src\ayuda\bibliotecaAyuda\javahelp-2.0.02.jar;C:\Users\geany\Documents\NetBeansProjects\gmgMultiverso\src\biblioteca\dependenciaJasper\ant-1.7.1.jar;C:\Users\geany\Documents\NetBeansProjects\gmgMultiverso\src\biblioteca\dependenciaJasper\ant-launcher-1.7.1.jar;C:\Users\geany\Documents\NetBeansProjects\gmgMultiverso\src\biblioteca\dependenciaJasper\asm-5.0.2.jar;C:\Users\geany\Documents\NetBeansProjects\gmgMultiverso\src\biblioteca\dependenciaJasper\asm-analysis-5.0.2.jar;C:\Users\geany\Documents\NetBeansProjects\gmgMultiverso\src\biblioteca\dependenciaJasper\asm-commons-5.0.2.jar;C:\Users\geany\Documents\NetBeansProjects\gmgMultiverso\src\biblioteca\dependenciaJasper\asm-tree-5.0.2.jar;C:\Users\geany\Documents\NetBeansProjects\gmgMultiverso\src\biblioteca\dependenciaJasper\asm-util-5.0.2.jar;C:\Users\geany\Documents\NetBeansProjects\gmgMultiverso\src\biblioteca\dependenciaJasper\com.lowagie.text-2.1.7.jar;C:\Users\geany\Documents\NetBeansProjects\gmgMultiverso\src\biblioteca\dependenciaJasper\commons-beanutils-1.9.4.jar;C:\Users\geany\Documents\NetBeansProjects\gmgMultiverso\src\biblioteca\dependenciaJasper\commons-collections4-4.4.jar;C:\Users\geany\Documents\NetBeansProjects\gmgMultiverso\src\biblioteca\dependenciaJasper\commons-digester-2.1.jar;C:\Users\geany\Documents\NetBeansProjects\gmgMultiverso\src\biblioteca\dependenciaJasper\commons-io-2.15.1.jar;C:\Users\geany\Documents\NetBeansProjects\gmgMultiverso\src\biblioteca\dependenciaJasper\commons-javaflow-1590792-patched-play-1.3.0.jar;C:\Users\geany\Documents\NetBeansProjects\gmgMultiverso\src\biblioteca\dependenciaJasper\commons-jci-core-1.1.jar;C:\Users\geany\Documents\NetBeansProjects\gmgMultiverso\src\biblioteca\dependenciaJasper\commons-jci-fam-1.1.jar;C:\Users\geany\Documents\NetBeansProjects\gmgMultiverso\src\biblioteca\dependenciaJasper\commons-logging-1.2.jar;C:\Users\geany\Documents\NetBeansProjects\gmgMultiverso\src\biblioteca\dependenciaJasper\jcommon-1.0.24.jar;C:\Users\geany\Documents\NetBeansProjects\gmgMultiverso\src\biblioteca\dependenciaJasper\jfreechart-1.0.12.jar;C:\Users\geany\Documents\NetBeansProjects\gmgMultiverso\src\biblioteca\dependenciaJasper\log4j-core-2.20.0.jar;C:\Users\geany\Documents\NetBeansProjects\gmgMultiverso\src\biblioteca\dependenciaJasper\spring-beans-6.0.4.jar;C:\Users\geany\Documents\NetBeansProjects\gmgMultiverso\src\biblioteca\dependenciaJasper\spring-core-6.0.4.jar;C:\Users\geany\Documents\NetBeansProjects\gmgMultiverso\src\biblioteca\dependenciaJasper\spring-jcl-6.0.4.jar;C:\Users\geany\Documents\NetBeansProjects\gmgMultiverso\src\biblioteca\jasper\jasperreports-6.20.0.jar;C:\Users\geany\Documents\NetBeansProjects\gmgMultiverso\src\biblioteca\jasper\jasperreports-annotation-processors-6.20.0.jar;C:\Users\geany\Documents\NetBeansProjects\gmgMultiverso\src\biblioteca\jasper\jasperreports-castor-6.20.0.jar;C:\Users\geany\Documents\NetBeansProjects\gmgMultiverso\src\biblioteca\jasper\jasperreports-chart-customizers-6.20.0.jar;C:\Users\geany\Documents\NetBeansProjects\gmgMultiverso\src\biblioteca\jasper\jasperreports-chart-themes-6.20.0.jar;C:\Users\geany\Documents\NetBeansProjects\gmgMultiverso\src\biblioteca\jasper\jasperreports-custom-visualization-6.20.0.jar;C:\Users\geany\Documents\NetBeansProjects\gmgMultiverso\src\biblioteca\jasper\jasperreports-fonts-6.20.0.jar;C:\Users\geany\Documents\NetBeansProjects\gmgMultiverso\src\biblioteca\jasper\jasperreports-functions-6.20.0.jar;C:\Users\geany\Documents\NetBeansProjects\gmgMultiverso\src\biblioteca\jasper\jasperreports-javaflow-6.20.0.jar;C:\Users\geany\Documents\NetBeansProjects\gmgMultiverso\src\biblioteca\jasper\jasperreports-metadata-6.20.0.jar;C:\Users\geany\Documents\NetBeansProjects\gmgMultiverso\src\biblioteca\poi\SparseBitSet-1.3.jar;C:\Users\geany\Documents\NetBeansProjects\gmgMultiverso\src\biblioteca\poi\commons-codec-1.16.0.jar;C:\Users\geany\Documents\NetBeansProjects\gmgMultiverso\src\biblioteca\poi\commons-collections4-4.4.jar;C:\Users\geany\Documents\NetBeansProjects\gmgMultiverso\src\biblioteca\poi\commons-compress-1.25.0.jar;C:\Users\geany\Documents\NetBeansProjects\gmgMultiverso\src\biblioteca\poi\commons-io-2.15.0.jar;C:\Users\geany\Documents\NetBeansProjects\gmgMultiverso\src\biblioteca\poi\commons-math3-3.6.1.jar;C:\Users\geany\Documents\NetBeansProjects\gmgMultiverso\src\biblioteca\poi\curvesapi-1.08.jar;C:\Users\geany\Documents\NetBeansProjects\gmgMultiverso\src\biblioteca\poi\log4j-api-2.21.1.jar;C:\Users\geany\Documents\NetBeansProjects\gmgMultiverso\src\biblioteca\poi\poi-5.2.5.jar;C:\Users\geany\Documents\NetBeansProjects\gmgMultiverso\src\biblioteca\poi\poi-ooxml-5.2.5.jar;C:\Users\geany\Documents\NetBeansProjects\gmgMultiverso\src\biblioteca\poi\poi-ooxml-lite-5.2.5.jar;C:\Users\geany\Documents\NetBeansProjects\gmgMultiverso\src\biblioteca\poi\xmlbeans-5.2.0.jar;C:\Users\geany\Documents\NetBeansProjects\gmgMultiverso\src\biblioteca\Componente4Proyecto.jar;C:\Users\geany\Documents\NetBeansProjects\gmgMultiverso\build\classes
Launcher Type: SUN_STANDARD

[Global flags]
     intx CICompilerCount                          = 4                                         {product} {ergonomic}
     uint ConcGCThreads                            = 2                                         {product} {ergonomic}
     uint G1ConcRefinementThreads                  = 8                                         {product} {ergonomic}
   size_t G1HeapRegionSize                         = 1048576                                   {product} {ergonomic}
    uintx GCDrainStackTargetSize                   = 64                                        {product} {ergonomic}
   size_t InitialHeapSize                          = 130023424                                 {product} {ergonomic}
   size_t MarkStackSize                            = 4194304                                   {product} {ergonomic}
   size_t MaxHeapSize                              = 2080374784                                {product} {ergonomic}
   size_t MaxNewSize                               = 1247805440                                {product} {ergonomic}
   size_t MinHeapDeltaBytes                        = 1048576                                   {product} {ergonomic}
   size_t MinHeapSize                              = 8388608                                   {product} {ergonomic}
    uintx NonNMethodCodeHeapSize                   = 5839372                                {pd product} {ergonomic}
    uintx NonProfiledCodeHeapSize                  = 122909434                              {pd product} {ergonomic}
    uintx ProfiledCodeHeapSize                     = 122909434                              {pd product} {ergonomic}
    uintx ReservedCodeCacheSize                    = 251658240                              {pd product} {ergonomic}
     bool SegmentedCodeCache                       = true                                      {product} {ergonomic}
   size_t SoftMaxHeapSize                          = 2080374784                             {manageable} {ergonomic}
     bool UseCompressedOops                        = true                           {product lp64_product} {ergonomic}
     bool UseG1GC                                  = true                                      {product} {ergonomic}
     bool UseLargePagesIndividualAllocation        = false                                  {pd product} {ergonomic}

Logging:
Log output configuration:
 #0: stdout all=warning uptime,level,tags foldmultilines=false
 #1: stderr all=off uptime,level,tags foldmultilines=false

Environment Variables:
PATH=C:\Program Files\Common Files\Oracle\Java\javapath;C:\WINDOWS\system32;C:\WINDOWS;C:\WINDOWS\System32\Wbem;C:\WINDOWS\System32\WindowsPowerShell\v1.0\;C:\WINDOWS\System32\OpenSSH\;C:\Program Files\Git\cmd;C:\Program Files\Docker\Docker\resources\bin;C:\Users\geany\AppData\Local\Microsoft\WindowsApps;C:\Users\geany\AppData\Local\GitHubDesktop\bin
USERNAME=geany
OS=Windows_NT
PROCESSOR_IDENTIFIER=Intel64 Family 6 Model 126 Stepping 5, GenuineIntel
TMP=C:\Users\geany\AppData\Local\Temp
TEMP=C:\Users\geany\AppData\Local\Temp




Periodic native trim disabled

---------------  S Y S T E M  ---------------

OS:
 Windows 11 , 64 bit Build 22621 (10.0.22621.2506)
OS uptime: 0 days 23:14 hours
Hyper-V role detected

CPU: total 8 (initial active 8) (4 cores per cpu, 2 threads per core) family 6 model 126 stepping 5 microcode 0xa0, cx8, cmov, fxsr, ht, mmx, 3dnowpref, sse, sse2, sse3, ssse3, sse4.1, sse4.2, popcnt, lzcnt, tsc, tscinvbit, avx, avx2, aes, erms, clmul, bmi1, bmi2, adx, avx512f, avx512dq, avx512cd, avx512bw, avx512vl, sha, fma, vzeroupper, avx512_vpopcntdq, avx512_vpclmulqdq, avx512_vaes, avx512_vnni, clflush, clflushopt, avx512_vbmi2, avx512_vbmi, hv, rdtscp, rdpid, fsrm, gfni, avx512_bitalg, f16c, avx512_ifma
Processor Information for processor 0
  Max Mhz: 1501, Current Mhz: 1501, Mhz Limit: 1501
Processor Information for processor 1
  Max Mhz: 1501, Current Mhz: 1000, Mhz Limit: 1501
Processor Information for processor 2
  Max Mhz: 1501, Current Mhz: 1501, Mhz Limit: 1501
Processor Information for processor 3
  Max Mhz: 1501, Current Mhz: 1000, Mhz Limit: 1501
Processor Information for processor 4
  Max Mhz: 1501, Current Mhz: 1501, Mhz Limit: 1501
Processor Information for processor 5
  Max Mhz: 1501, Current Mhz: 1000, Mhz Limit: 1501
Processor Information for processor 6
  Max Mhz: 1501, Current Mhz: 1501, Mhz Limit: 1501
Processor Information for processor 7
  Max Mhz: 1501, Current Mhz: 1000, Mhz Limit: 1501

Memory: 4k page, system-wide physical 7930M (950M free)
TotalPageFile size 22266M (AvailPageFile size 5995M)
current process WorkingSet (physical memory assigned to process): 324M, peak: 335M
current process commit charge ("private bytes"): 372M, peak: 391M

vm_info: Java HotSpot(TM) 64-Bit Server VM (21.0.1+12-LTS-29) for windows-amd64 JRE (21.0.1+12-LTS-29), built on 2023-10-05T13:27:09Z by "mach5one" with MS VC++ 17.1 (VS2022)

END.
