#
# A fatal error has been detected by the Java Runtime Environment:
#
#  EXCEPTION_ACCESS_VIOLATION (0xc0000005) at pc=0x00007ffa40871661, pid=6112, tid=1772
#
# JRE version: Java(TM) SE Runtime Environment (21.0.3+7) (build 21.0.3+7-LTS-152)
# Java VM: Java HotSpot(TM) 64-Bit Server VM (21.0.3+7-LTS-152, mixed mode, sharing, tiered, compressed oops, compressed class ptrs, g1 gc, windows-amd64)
# Problematic frame:
# C  [flatlaf-windows-x86_64-15786222918066000.dll+0x1661]
#
# No core dump will be written. Minidumps are not enabled by default on client versions of Windows
#
# If you would like to submit a bug report, please visit:
#   https://bugreport.java.com/bugreport/crash.jsp
# The crash happened outside the Java Virtual Machine in native code.
# See problematic frame for where to report the bug.
#

---------------  S U M M A R Y ------------

Command Line: -Dfile.encoding=UTF-8 --module-path=C:\Users\geanina.foanta\Documents\NetBeansProjects\GmgMultiverso\build\classes gmgmultiverso.GmgMultiverso

Host: 12th Gen Intel(R) Core(TM) i5-1235U, 12 cores, 7G,  Windows 11 , 64 bit Build 22621 (10.0.22621.3527)
Time: Tue Jun  4 16:34:43 2024 Hora de verano romance elapsed time: 15.784114 seconds (0d 0h 0m 15s)

---------------  T H R E A D  ---------------

Current thread (0x00000213fe5941f0):  JavaThread "AWT-Windows" daemon [_thread_in_native, id=1772, stack(0x0000006464200000,0x0000006464300000) (1024K)]

Stack: [0x0000006464200000,0x0000006464300000],  sp=0x00000064642feab0,  free space=1018k
Native frames: (J=compiled Java code, j=interpreted, Vv=VM code, C=native code)
C  [flatlaf-windows-x86_64-15786222918066000.dll+0x1661]

Java frames: (J=compiled Java code, j=interpreted, Vv=VM code)
j  sun.awt.windows.WToolkit.eventLoop()V+0 java.desktop@21.0.3
j  sun.awt.windows.WToolkit.run()V+50 java.desktop@21.0.3
j  java.lang.Thread.runWith(Ljava/lang/Object;Ljava/lang/Runnable;)V+5 java.base@21.0.3
j  java.lang.Thread.run()V+19 java.base@21.0.3
v  ~StubRoutines::call_stub 0x00000213af05100d

siginfo: EXCEPTION_ACCESS_VIOLATION (0xc0000005), reading address 0x0000000000000020


Registers:
RAX=0x0000000000000000, RBX=0x0000000000009803, RCX=0x0000000000000000, RDX=0x00000000003c06d8
RSP=0x00000064642feab0, RBP=0x00000000003c06d8, RSI=0x0000000000000000, RDI=0x0000000000000000
R8 =0x0000000000009803, R9 =0x0000000000000000, R10=0xcf18061710d6ea70, R11=0x00000000000f050c
R12=0x0000000000000000, R13=0x0000000000000000, R14=0x0000000000009803, R15=0x00000000000f050c
RIP=0x00007ffa40871661, EFLAGS=0x0000000000010202


Register to memory mapping:

RAX=0x0 is null
RBX=0x0000000000009803 is an unknown value
RCX=0x0 is null
RDX=0x00000000003c06d8 is an unknown value
RSP=0x00000064642feab0 is pointing into the stack for thread: 0x00000213fe5941f0
RBP=0x00000000003c06d8 is an unknown value
RSI=0x0 is null
RDI=0x0 is null
R8 =0x0000000000009803 is an unknown value
R9 =0x0 is null
R10=0xcf18061710d6ea70 is an unknown value
R11=0x00000000000f050c is an unknown value
R12=0x0 is null
R13=0x0 is null
R14=0x0000000000009803 is an unknown value
R15=0x00000000000f050c is an unknown value

Top of Stack: (sp=0x00000064642feab0)
0x00000064642feab0:   0000000000000000 0000000000000000
0x00000064642feac0:   0000000000000022 0000000000000001
0x00000064642fead0:   00000213fe80fd80 00007ffa408710c5
0x00000064642feae0:   00000000003c06d8 0000000000000000
0x00000064642feaf0:   0000000000000000 0000000000009803
0x00000064642feb00:   0000000000000000 00007ffa408713f4
0x00000064642feb10:   00000000000f050c 00000000003c06d8
0x00000064642feb20:   0000000000009803 00007ffa3043c2d2
0x00000064642feb30:   00000000000f050c 00000213fe5945a8
0x00000064642feb40:   0000000000000001 00007ffa465189a1
0x00000064642feb50:   0000000000000000 00000064642fed18
0x00000064642feb60:   0000000080000022 0000000080000022
0x00000064642feb70:   00000213fe5941f0 00007ff9f80692b4
0x00000064642feb80:   0000000000000000 0000000000000000
0x00000064642feb90:   0000000000000000 0000000000000000
0x00000064642feba0:   0000000100000000 00007ffa80000022
0x00000064642febb0:   0000021300000000 0000000000000000
0x00000064642febc0:   0000000000000000 00007ffa202f6898
0x00000064642febd0:   0000000000000001 0000006463efd328
0x00000064642febe0:   0000000000000001 0000000080000022
0x00000064642febf0:   000000000015095a 00007ffa3c4d3680
0x00000064642fec00:   000000000000c34c 00007ffa46517ecd
0x00000064642fec10:   000002139e3d1620 00007ff9f7f234c9
0x00000064642fec20:   000000000015095a 000000000000c10c
0x00000064642fec30:   0000000000000048 0000021300000001
0x00000064642fec40:   0000000000000000 0000000000000000
0x00000064642fec50:   0000000000000030 ffffffffffffffff
0x00000064642fec60:   ffffffffffffffff 00007ffa465187f7
0x00000064642fec70:   0000000000000000 0000000000000000
0x00000064642fec80:   00007ffa00000000 0000000000000000
0x00000064642fec90:   00000000003c06d8 00007ffa408713b0
0x00000064642feca0:   0000000000009803 00007ffa46517ecd 

Instructions: (pc=0x00007ffa40871661)
0x00007ffa40871561:   b9 5c 00 00 00 8b d8 ff 15 22 1b 00 00 8b d3 b9
0x00007ffa40871571:   21 00 00 00 8b f8 ff 15 13 1b 00 00 03 f8 44 3b
0x00007ffa40871581:   f7 7d 18 ba f0 ff ff ff 48 8b cd ff 15 3e 1b 00
0x00007ffa40871591:   00 0f ba e0 12 73 04 b3 01 eb 02 32 db 48 8b 4e
0x00007ffa408715a1:   08 48 85 c9 75 32 48 8b 0e 48 8d 56 08 41 b8 02
0x00007ffa408715b1:   00 01 00 48 8b 01 ff 50 30 48 8b 4e 08 48 85 c9
0x00007ffa408715c1:   75 16 b8 01 00 00 00 84 db b9 0c 00 00 00 0f 45
0x00007ffa408715d1:   c1 48 98 e9 a0 00 00 00 4c 8b 05 28 2a 00 00 45
0x00007ffa408715e1:   8b cf 48 8b 56 10 0f b6 c3 89 44 24 28 44 89 74
0x00007ffa408715f1:   24 20 e8 58 fd ff ff 48 98 eb 7d 81 fb a5 00 00
0x00007ffa40871601:   00 74 3f 81 fb 20 03 00 00 75 55 48 8b 49 08 48
0x00007ffa40871611:   85 c9 75 1c 48 8b 0e 48 8d 56 08 41 b8 02 00 01
0x00007ffa40871621:   00 48 8b 01 ff 50 30 48 8b 4e 08 48 85 c9 74 30
0x00007ffa40871631:   4c 8b 05 e0 29 00 00 48 8b 56 10 e8 3f fd ff ff
0x00007ffa40871641:   eb 1e 49 8d 41 fe 48 83 f8 01 77 14 49 8b c7 45
0x00007ffa40871651:   0f bf c7 48 c1 e8 10 44 0f bf c8 e8 df 04 00 00
0x00007ffa40871661:   48 8b 4e 20 44 8b c3 4c 89 7c 24 20 4c 8b cf 48
0x00007ffa40871671:   8b d5 ff 15 47 1a 00 00 48 8b 5c 24 60 48 8b 6c
0x00007ffa40871681:   24 68 48 8b 74 24 70 48 83 c4 40 41 5f 41 5e 5f
0x00007ffa40871691:   c3 cc cc cc cc cc cc cc cc cc cc cc cc cc cc 48
0x00007ffa408716a1:   89 7c 24 18 4c 89 74 24 20 55 48 8d 6c 24 b1 48
0x00007ffa408716b1:   81 ec c0 00 00 00 48 8b f9 48 8b 49 20 4c 8b f2
0x00007ffa408716c1:   49 83 f9 01 74 14 48 8b 45 7f 48 89 44 24 20 ff
0x00007ffa408716d1:   15 ea 19 00 00 e9 da 01 00 00 48 89 9c 24 d0 00
0x00007ffa408716e1:   00 00 41 b9 01 00 00 00 48 8b 5d 7f 48 89 b4 24
0x00007ffa408716f1:   d8 00 00 00 48 89 5c 24 20 8b 73 04 ff 15 bd 19
0x00007ffa40871701:   00 00 48 85 c0 0f 85 99 01 00 00 49 8b ce 89 73
0x00007ffa40871711:   04 ff 15 90 19 00 00 85 c0 0f 84 83 01 00 00 48
0x00007ffa40871721:   8b 4f 08 48 85 c9 75 1c 48 8b 0f 48 8d 57 08 41
0x00007ffa40871731:   b8 02 00 01 00 48 8b 01 ff 50 30 48 8b 4f 08 48
0x00007ffa40871741:   85 c9 74 1b 4c 8b 05 c4 28 00 00 48 8b 57 10 e8
0x00007ffa40871751:   cb fb ff ff 0f b6 c0 85 c0 0f 85 43 01 00 00 48 


Stack slot to memory mapping:

stack at sp + 0 slots: 0x0 is null
stack at sp + 1 slots: 0x0 is null
stack at sp + 2 slots: 0x0000000000000022 is an unknown value
stack at sp + 3 slots: 0x0000000000000001 is an unknown value
stack at sp + 4 slots: 0x00000213fe80fd80 points into unknown readable memory: 0x0000001400000000 | 00 00 00 00 14 00 00 00
stack at sp + 5 slots: 0x00007ffa408710c5 flatlaf-windows-x86_64-15786222918066000.dll
stack at sp + 6 slots: 0x00000000003c06d8 is an unknown value
stack at sp + 7 slots: 0x0 is null


---------------  P R O C E S S  ---------------

Threads class SMR info:
_java_thread_list=0x0000021384b390a0, length=18, elements={
0x00000213bcb2b9c0, 0x00000213bcb2c420, 0x00000213bcb2e480, 0x00000213bcb313c0,
0x00000213bcb31e20, 0x00000213bcb32880, 0x00000213bcb42280, 0x00000213bcb62d30,
0x00000213fe0b1920, 0x00000213fe1d44a0, 0x00000213fe58c030, 0x00000213fe58fb70,
0x00000213fe5941f0, 0x00000213fe1b51e0, 0x000002139debf150, 0x00000213feb015b0,
0x00000213fe75ff10, 0x00000213849fca60
}

Java Threads: ( => current thread )
  0x00000213bcb2b9c0 JavaThread "Reference Handler"          daemon [_thread_blocked, id=24348, stack(0x0000006463500000,0x0000006463600000) (1024K)]
  0x00000213bcb2c420 JavaThread "Finalizer"                  daemon [_thread_blocked, id=22560, stack(0x0000006463600000,0x0000006463700000) (1024K)]
  0x00000213bcb2e480 JavaThread "Signal Dispatcher"          daemon [_thread_blocked, id=12440, stack(0x0000006463700000,0x0000006463800000) (1024K)]
  0x00000213bcb313c0 JavaThread "Attach Listener"            daemon [_thread_blocked, id=15144, stack(0x0000006463800000,0x0000006463900000) (1024K)]
  0x00000213bcb31e20 JavaThread "Service Thread"             daemon [_thread_blocked, id=4204, stack(0x0000006463900000,0x0000006463a00000) (1024K)]
  0x00000213bcb32880 JavaThread "Monitor Deflation Thread"   daemon [_thread_blocked, id=2272, stack(0x0000006463a00000,0x0000006463b00000) (1024K)]
  0x00000213bcb42280 JavaThread "C2 CompilerThread0"         daemon [_thread_blocked, id=9696, stack(0x0000006463b00000,0x0000006463c00000) (1024K)]
  0x00000213bcb62d30 JavaThread "C1 CompilerThread0"         daemon [_thread_blocked, id=15560, stack(0x0000006463c00000,0x0000006463d00000) (1024K)]
  0x00000213fe0b1920 JavaThread "Common-Cleaner"             daemon [_thread_blocked, id=18764, stack(0x0000006463d00000,0x0000006463e00000) (1024K)]
  0x00000213fe1d44a0 JavaThread "Notification Thread"        daemon [_thread_blocked, id=11796, stack(0x0000006463f00000,0x0000006464000000) (1024K)]
  0x00000213fe58c030 JavaThread "Java2D Disposer"            daemon [_thread_blocked, id=2496, stack(0x0000006464000000,0x0000006464100000) (1024K)]
  0x00000213fe58fb70 JavaThread "AWT-Shutdown"                      [_thread_blocked, id=808, stack(0x0000006464100000,0x0000006464200000) (1024K)]
=>0x00000213fe5941f0 JavaThread "AWT-Windows"                daemon [_thread_in_native, id=1772, stack(0x0000006464200000,0x0000006464300000) (1024K)]
  0x00000213fe1b51e0 JavaThread "AWT-EventQueue-0"                  [_thread_in_native, id=4620, stack(0x0000006463e00000,0x0000006463f00000) (1024K)]
  0x000002139debf150 JavaThread "DestroyJavaVM"                     [_thread_blocked, id=13512, stack(0x0000006462d00000,0x0000006462e00000) (1024K)]
  0x00000213feb015b0 JavaThread "TimerQueue"                 daemon [_thread_blocked, id=8292, stack(0x0000006464600000,0x0000006464700000) (1024K)]
  0x00000213fe75ff10 JavaThread "Image Fetcher 0"            daemon [_thread_blocked, id=22648, stack(0x0000006465100000,0x0000006465200000) (1024K)]
  0x00000213849fca60 JavaThread "Image Fetcher 1"            daemon [_thread_blocked, id=9784, stack(0x0000006465300000,0x0000006465400000) (1024K)]
Total: 18

Other Threads:
  0x00000213bcb0ce70 VMThread "VM Thread"                           [id=24216, stack(0x0000006463400000,0x0000006463500000) (1024K)]
  0x00000213bcaf2800 WatcherThread "VM Periodic Task Thread"        [id=19088, stack(0x0000006463300000,0x0000006463400000) (1024K)]
  0x000002139df145f0 WorkerThread "GC Thread#0"                     [id=18748, stack(0x0000006462e00000,0x0000006462f00000) (1024K)]
  0x00000213848ea0c0 WorkerThread "GC Thread#1"                     [id=13152, stack(0x0000006464400000,0x0000006464500000) (1024K)]
  0x0000021384b90d10 WorkerThread "GC Thread#2"                     [id=11296, stack(0x0000006464900000,0x0000006464a00000) (1024K)]
  0x0000021384afc210 WorkerThread "GC Thread#3"                     [id=19600, stack(0x0000006464a00000,0x0000006464b00000) (1024K)]
  0x0000021384afc5b0 WorkerThread "GC Thread#4"                     [id=18716, stack(0x0000006464b00000,0x0000006464c00000) (1024K)]
  0x0000021384afc950 WorkerThread "GC Thread#5"                     [id=22184, stack(0x0000006464c00000,0x0000006464d00000) (1024K)]
  0x0000021384886440 WorkerThread "GC Thread#6"                     [id=19856, stack(0x0000006464d00000,0x0000006464e00000) (1024K)]
  0x0000021384adbaf0 WorkerThread "GC Thread#7"                     [id=18724, stack(0x0000006464e00000,0x0000006464f00000) (1024K)]
  0x0000021384bf61e0 WorkerThread "GC Thread#8"                     [id=10336, stack(0x0000006464f00000,0x0000006465000000) (1024K)]
  0x0000021384bf4fc0 WorkerThread "GC Thread#9"                     [id=23600, stack(0x0000006465000000,0x0000006465100000) (1024K)]
  0x000002139df24d50 ConcurrentGCThread "G1 Main Marker"            [id=17016, stack(0x0000006462f00000,0x0000006463000000) (1024K)]
  0x000002139df25760 WorkerThread "G1 Conc#0"                       [id=21960, stack(0x0000006463000000,0x0000006463100000) (1024K)]
  0x00000213bc9c7510 ConcurrentGCThread "G1 Refine#0"               [id=21264, stack(0x0000006463100000,0x0000006463200000) (1024K)]
  0x00000213bc9c8d40 ConcurrentGCThread "G1 Service"                [id=12304, stack(0x0000006463200000,0x0000006463300000) (1024K)]
Total: 16

Threads with active compile tasks:
Total: 0

VM state: not at safepoint (normal execution)

VM Mutex/Monitor currently owned by a thread: None

Heap address: 0x0000000084a00000, size: 1974 MB, Compressed Oops mode: 32-bit

CDS archive(s) mapped at: [0x00000213bd000000-0x00000213bdc90000-0x00000213bdc90000), size 13172736, SharedBaseAddress: 0x00000213bd000000, ArchiveRelocationMode: 1.
Compressed class space mapped at: 0x00000213be000000-0x00000213fe000000, reserved size: 1073741824
Narrow klass base: 0x00000213bd000000, Narrow klass shift: 0, Narrow klass range: 0x100000000

GC Precious Log:
 CardTable entry size: 512
 Card Set container configuration: InlinePtr #cards 5 size 8 Array Of Cards #cards 12 size 40 Howl #buckets 4 coarsen threshold 1843 Howl Bitmap #cards 512 size 80 coarsen threshold 460 Card regions per heap region 1 cards per card region 2048
 CPUs: 12 total, 12 available
 Memory: 7889M
 Large Page Support: Disabled
 NUMA Support: Disabled
 Compressed Oops: Enabled (32-bit)
 Heap Region Size: 1M
 Heap Min Capacity: 8M
 Heap Initial Capacity: 124M
 Heap Max Capacity: 1974M
 Pre-touch: Disabled
 Parallel Workers: 10
 Concurrent Workers: 3
 Concurrent Refinement Workers: 10
 Periodic GC: Disabled

Heap:
 garbage-first heap   total 126976K, used 39769K [0x0000000084a00000, 0x0000000100000000)
  region size 1024K, 22 young (22528K), 3 survivors (3072K)
 Metaspace       used 18316K, committed 18624K, reserved 1114112K
  class space    used 2077K, committed 2240K, reserved 1048576K

Heap Regions: E=young(eden), S=young(survivor), O=old, HS=humongous(starts), HC=humongous(continues), CS=collection set, F=free, TAMS=top-at-mark-start, PB=parsable bottom
|   0|0x0000000084a00000, 0x0000000084b00000, 0x0000000084b00000|100%|HS|  |TAMS 0x0000000084a00000| PB 0x0000000084a00000| Complete 
|   1|0x0000000084b00000, 0x0000000084c00000, 0x0000000084c00000|100%|HS|  |TAMS 0x0000000084b00000| PB 0x0000000084b00000| Complete 
|   2|0x0000000084c00000, 0x0000000084d00000, 0x0000000084d00000|100%|HC|  |TAMS 0x0000000084c00000| PB 0x0000000084c00000| Complete 
|   3|0x0000000084d00000, 0x0000000084e00000, 0x0000000084e00000|100%|HS|  |TAMS 0x0000000084d00000| PB 0x0000000084d00000| Complete 
|   4|0x0000000084e00000, 0x0000000084f00000, 0x0000000084f00000|100%|HC|  |TAMS 0x0000000084e00000| PB 0x0000000084e00000| Complete 
|   5|0x0000000084f00000, 0x0000000085000000, 0x0000000085000000|100%| O|  |TAMS 0x0000000084f00000| PB 0x0000000084f00000| Untracked 
|   6|0x0000000085000000, 0x0000000085100000, 0x0000000085100000|100%| O|  |TAMS 0x0000000085000000| PB 0x0000000085000000| Untracked 
|   7|0x0000000085100000, 0x0000000085200000, 0x0000000085200000|100%| O|  |TAMS 0x0000000085100000| PB 0x0000000085100000| Untracked 
|   8|0x0000000085200000, 0x0000000085300000, 0x0000000085300000|100%| O|  |TAMS 0x0000000085200000| PB 0x0000000085200000| Untracked 
|   9|0x0000000085300000, 0x00000000853d6410, 0x0000000085400000| 83%| O|  |TAMS 0x0000000085300000| PB 0x0000000085300000| Untracked 
|  10|0x0000000085400000, 0x0000000085500000, 0x0000000085500000|100%|HS|  |TAMS 0x0000000085400000| PB 0x0000000085400000| Complete 
|  11|0x0000000085500000, 0x0000000085600000, 0x0000000085600000|100%|HS|  |TAMS 0x0000000085500000| PB 0x0000000085500000| Complete 
|  12|0x0000000085600000, 0x0000000085700000, 0x0000000085700000|100%|HC|  |TAMS 0x0000000085600000| PB 0x0000000085600000| Complete 
|  13|0x0000000085700000, 0x0000000085800000, 0x0000000085800000|100%|HC|  |TAMS 0x0000000085700000| PB 0x0000000085700000| Complete 
|  14|0x0000000085800000, 0x0000000085900000, 0x0000000085900000|100%|HC|  |TAMS 0x0000000085800000| PB 0x0000000085800000| Complete 
|  15|0x0000000085900000, 0x0000000085a00000, 0x0000000085a00000|100%|HS|  |TAMS 0x0000000085900000| PB 0x0000000085900000| Complete 
|  16|0x0000000085a00000, 0x0000000085b00000, 0x0000000085b00000|100%|HC|  |TAMS 0x0000000085a00000| PB 0x0000000085a00000| Complete 
|  17|0x0000000085b00000, 0x0000000085c00000, 0x0000000085c00000|100%|HS|  |TAMS 0x0000000085b00000| PB 0x0000000085b00000| Complete 
|  18|0x0000000085c00000, 0x0000000085d00000, 0x0000000085d00000|100%|HC|  |TAMS 0x0000000085c00000| PB 0x0000000085c00000| Complete 
|  19|0x0000000085d00000, 0x0000000085d00000, 0x0000000085e00000|  0%| F|  |TAMS 0x0000000085d00000| PB 0x0000000085d00000| Untracked 
|  20|0x0000000085e00000, 0x0000000085e00000, 0x0000000085f00000|  0%| F|  |TAMS 0x0000000085e00000| PB 0x0000000085e00000| Untracked 
|  21|0x0000000085f00000, 0x0000000085f00000, 0x0000000086000000|  0%| F|  |TAMS 0x0000000085f00000| PB 0x0000000085f00000| Untracked 
|  22|0x0000000086000000, 0x0000000086000000, 0x0000000086100000|  0%| F|  |TAMS 0x0000000086000000| PB 0x0000000086000000| Untracked 
|  23|0x0000000086100000, 0x0000000086100000, 0x0000000086200000|  0%| F|  |TAMS 0x0000000086100000| PB 0x0000000086100000| Untracked 
|  24|0x0000000086200000, 0x0000000086200000, 0x0000000086300000|  0%| F|  |TAMS 0x0000000086200000| PB 0x0000000086200000| Untracked 
|  25|0x0000000086300000, 0x0000000086300000, 0x0000000086400000|  0%| F|  |TAMS 0x0000000086300000| PB 0x0000000086300000| Untracked 
|  26|0x0000000086400000, 0x0000000086400000, 0x0000000086500000|  0%| F|  |TAMS 0x0000000086400000| PB 0x0000000086400000| Untracked 
|  27|0x0000000086500000, 0x0000000086500000, 0x0000000086600000|  0%| F|  |TAMS 0x0000000086500000| PB 0x0000000086500000| Untracked 
|  28|0x0000000086600000, 0x0000000086600000, 0x0000000086700000|  0%| F|  |TAMS 0x0000000086600000| PB 0x0000000086600000| Untracked 
|  29|0x0000000086700000, 0x0000000086700000, 0x0000000086800000|  0%| F|  |TAMS 0x0000000086700000| PB 0x0000000086700000| Untracked 
|  30|0x0000000086800000, 0x0000000086800000, 0x0000000086900000|  0%| F|  |TAMS 0x0000000086800000| PB 0x0000000086800000| Untracked 
|  31|0x0000000086900000, 0x0000000086900000, 0x0000000086a00000|  0%| F|  |TAMS 0x0000000086900000| PB 0x0000000086900000| Untracked 
|  32|0x0000000086a00000, 0x0000000086a00000, 0x0000000086b00000|  0%| F|  |TAMS 0x0000000086a00000| PB 0x0000000086a00000| Untracked 
|  33|0x0000000086b00000, 0x0000000086b00000, 0x0000000086c00000|  0%| F|  |TAMS 0x0000000086b00000| PB 0x0000000086b00000| Untracked 
|  34|0x0000000086c00000, 0x0000000086c00000, 0x0000000086d00000|  0%| F|  |TAMS 0x0000000086c00000| PB 0x0000000086c00000| Untracked 
|  35|0x0000000086d00000, 0x0000000086d00000, 0x0000000086e00000|  0%| F|  |TAMS 0x0000000086d00000| PB 0x0000000086d00000| Untracked 
|  36|0x0000000086e00000, 0x0000000086e00000, 0x0000000086f00000|  0%| F|  |TAMS 0x0000000086e00000| PB 0x0000000086e00000| Untracked 
|  37|0x0000000086f00000, 0x0000000086f00000, 0x0000000087000000|  0%| F|  |TAMS 0x0000000086f00000| PB 0x0000000086f00000| Untracked 
|  38|0x0000000087000000, 0x0000000087000000, 0x0000000087100000|  0%| F|  |TAMS 0x0000000087000000| PB 0x0000000087000000| Untracked 
|  39|0x0000000087100000, 0x0000000087100000, 0x0000000087200000|  0%| F|  |TAMS 0x0000000087100000| PB 0x0000000087100000| Untracked 
|  40|0x0000000087200000, 0x0000000087200000, 0x0000000087300000|  0%| F|  |TAMS 0x0000000087200000| PB 0x0000000087200000| Untracked 
|  41|0x0000000087300000, 0x0000000087300000, 0x0000000087400000|  0%| F|  |TAMS 0x0000000087300000| PB 0x0000000087300000| Untracked 
|  42|0x0000000087400000, 0x0000000087400000, 0x0000000087500000|  0%| F|  |TAMS 0x0000000087400000| PB 0x0000000087400000| Untracked 
|  43|0x0000000087500000, 0x0000000087500000, 0x0000000087600000|  0%| F|  |TAMS 0x0000000087500000| PB 0x0000000087500000| Untracked 
|  44|0x0000000087600000, 0x0000000087600000, 0x0000000087700000|  0%| F|  |TAMS 0x0000000087600000| PB 0x0000000087600000| Untracked 
|  45|0x0000000087700000, 0x0000000087700000, 0x0000000087800000|  0%| F|  |TAMS 0x0000000087700000| PB 0x0000000087700000| Untracked 
|  46|0x0000000087800000, 0x0000000087800000, 0x0000000087900000|  0%| F|  |TAMS 0x0000000087800000| PB 0x0000000087800000| Untracked 
|  47|0x0000000087900000, 0x0000000087900000, 0x0000000087a00000|  0%| F|  |TAMS 0x0000000087900000| PB 0x0000000087900000| Untracked 
|  48|0x0000000087a00000, 0x0000000087a00000, 0x0000000087b00000|  0%| F|  |TAMS 0x0000000087a00000| PB 0x0000000087a00000| Untracked 
|  49|0x0000000087b00000, 0x0000000087b00000, 0x0000000087c00000|  0%| F|  |TAMS 0x0000000087b00000| PB 0x0000000087b00000| Untracked 
|  50|0x0000000087c00000, 0x0000000087c00000, 0x0000000087d00000|  0%| F|  |TAMS 0x0000000087c00000| PB 0x0000000087c00000| Untracked 
|  51|0x0000000087d00000, 0x0000000087d00000, 0x0000000087e00000|  0%| F|  |TAMS 0x0000000087d00000| PB 0x0000000087d00000| Untracked 
|  52|0x0000000087e00000, 0x0000000087e00000, 0x0000000087f00000|  0%| F|  |TAMS 0x0000000087e00000| PB 0x0000000087e00000| Untracked 
|  53|0x0000000087f00000, 0x0000000087f00000, 0x0000000088000000|  0%| F|  |TAMS 0x0000000087f00000| PB 0x0000000087f00000| Untracked 
|  54|0x0000000088000000, 0x0000000088000000, 0x0000000088100000|  0%| F|  |TAMS 0x0000000088000000| PB 0x0000000088000000| Untracked 
|  55|0x0000000088100000, 0x0000000088100000, 0x0000000088200000|  0%| F|  |TAMS 0x0000000088100000| PB 0x0000000088100000| Untracked 
|  56|0x0000000088200000, 0x0000000088200000, 0x0000000088300000|  0%| F|  |TAMS 0x0000000088200000| PB 0x0000000088200000| Untracked 
|  57|0x0000000088300000, 0x0000000088300000, 0x0000000088400000|  0%| F|  |TAMS 0x0000000088300000| PB 0x0000000088300000| Untracked 
|  58|0x0000000088400000, 0x0000000088400000, 0x0000000088500000|  0%| F|  |TAMS 0x0000000088400000| PB 0x0000000088400000| Untracked 
|  59|0x0000000088500000, 0x0000000088500000, 0x0000000088600000|  0%| F|  |TAMS 0x0000000088500000| PB 0x0000000088500000| Untracked 
|  60|0x0000000088600000, 0x0000000088600000, 0x0000000088700000|  0%| F|  |TAMS 0x0000000088600000| PB 0x0000000088600000| Untracked 
|  61|0x0000000088700000, 0x0000000088700000, 0x0000000088800000|  0%| F|  |TAMS 0x0000000088700000| PB 0x0000000088700000| Untracked 
|  62|0x0000000088800000, 0x0000000088800000, 0x0000000088900000|  0%| F|  |TAMS 0x0000000088800000| PB 0x0000000088800000| Untracked 
|  63|0x0000000088900000, 0x0000000088900000, 0x0000000088a00000|  0%| F|  |TAMS 0x0000000088900000| PB 0x0000000088900000| Untracked 
|  64|0x0000000088a00000, 0x0000000088a00000, 0x0000000088b00000|  0%| F|  |TAMS 0x0000000088a00000| PB 0x0000000088a00000| Untracked 
|  65|0x0000000088b00000, 0x0000000088b00000, 0x0000000088c00000|  0%| F|  |TAMS 0x0000000088b00000| PB 0x0000000088b00000| Untracked 
|  66|0x0000000088c00000, 0x0000000088c00000, 0x0000000088d00000|  0%| F|  |TAMS 0x0000000088c00000| PB 0x0000000088c00000| Untracked 
|  67|0x0000000088d00000, 0x0000000088d00000, 0x0000000088e00000|  0%| F|  |TAMS 0x0000000088d00000| PB 0x0000000088d00000| Untracked 
|  68|0x0000000088e00000, 0x0000000088e00000, 0x0000000088f00000|  0%| F|  |TAMS 0x0000000088e00000| PB 0x0000000088e00000| Untracked 
|  69|0x0000000088f00000, 0x0000000088f00000, 0x0000000089000000|  0%| F|  |TAMS 0x0000000088f00000| PB 0x0000000088f00000| Untracked 
|  70|0x0000000089000000, 0x0000000089000000, 0x0000000089100000|  0%| F|  |TAMS 0x0000000089000000| PB 0x0000000089000000| Untracked 
|  71|0x0000000089100000, 0x0000000089100000, 0x0000000089200000|  0%| F|  |TAMS 0x0000000089100000| PB 0x0000000089100000| Untracked 
|  72|0x0000000089200000, 0x0000000089200000, 0x0000000089300000|  0%| F|  |TAMS 0x0000000089200000| PB 0x0000000089200000| Untracked 
|  73|0x0000000089300000, 0x0000000089300000, 0x0000000089400000|  0%| F|  |TAMS 0x0000000089300000| PB 0x0000000089300000| Untracked 
|  74|0x0000000089400000, 0x0000000089400000, 0x0000000089500000|  0%| F|  |TAMS 0x0000000089400000| PB 0x0000000089400000| Untracked 
|  75|0x0000000089500000, 0x0000000089500000, 0x0000000089600000|  0%| F|  |TAMS 0x0000000089500000| PB 0x0000000089500000| Untracked 
|  76|0x0000000089600000, 0x0000000089600000, 0x0000000089700000|  0%| F|  |TAMS 0x0000000089600000| PB 0x0000000089600000| Untracked 
|  77|0x0000000089700000, 0x0000000089700000, 0x0000000089800000|  0%| F|  |TAMS 0x0000000089700000| PB 0x0000000089700000| Untracked 
|  78|0x0000000089800000, 0x0000000089800000, 0x0000000089900000|  0%| F|  |TAMS 0x0000000089800000| PB 0x0000000089800000| Untracked 
|  79|0x0000000089900000, 0x0000000089900000, 0x0000000089a00000|  0%| F|  |TAMS 0x0000000089900000| PB 0x0000000089900000| Untracked 
|  80|0x0000000089a00000, 0x0000000089a00000, 0x0000000089b00000|  0%| F|  |TAMS 0x0000000089a00000| PB 0x0000000089a00000| Untracked 
|  81|0x0000000089b00000, 0x0000000089b00000, 0x0000000089c00000|  0%| F|  |TAMS 0x0000000089b00000| PB 0x0000000089b00000| Untracked 
|  82|0x0000000089c00000, 0x0000000089c00000, 0x0000000089d00000|  0%| F|  |TAMS 0x0000000089c00000| PB 0x0000000089c00000| Untracked 
|  83|0x0000000089d00000, 0x0000000089d00000, 0x0000000089e00000|  0%| F|  |TAMS 0x0000000089d00000| PB 0x0000000089d00000| Untracked 
|  84|0x0000000089e00000, 0x0000000089e00000, 0x0000000089f00000|  0%| F|  |TAMS 0x0000000089e00000| PB 0x0000000089e00000| Untracked 
|  85|0x0000000089f00000, 0x0000000089f00000, 0x000000008a000000|  0%| F|  |TAMS 0x0000000089f00000| PB 0x0000000089f00000| Untracked 
|  86|0x000000008a000000, 0x000000008a000000, 0x000000008a100000|  0%| F|  |TAMS 0x000000008a000000| PB 0x000000008a000000| Untracked 
|  87|0x000000008a100000, 0x000000008a100000, 0x000000008a200000|  0%| F|  |TAMS 0x000000008a100000| PB 0x000000008a100000| Untracked 
|  88|0x000000008a200000, 0x000000008a200000, 0x000000008a300000|  0%| F|  |TAMS 0x000000008a200000| PB 0x000000008a200000| Untracked 
|  89|0x000000008a300000, 0x000000008a300000, 0x000000008a400000|  0%| F|  |TAMS 0x000000008a300000| PB 0x000000008a300000| Untracked 
|  90|0x000000008a400000, 0x000000008a400000, 0x000000008a500000|  0%| F|  |TAMS 0x000000008a400000| PB 0x000000008a400000| Untracked 
|  91|0x000000008a500000, 0x000000008a500000, 0x000000008a600000|  0%| F|  |TAMS 0x000000008a500000| PB 0x000000008a500000| Untracked 
|  92|0x000000008a600000, 0x000000008a600000, 0x000000008a700000|  0%| F|  |TAMS 0x000000008a600000| PB 0x000000008a600000| Untracked 
|  93|0x000000008a700000, 0x000000008a700000, 0x000000008a800000|  0%| F|  |TAMS 0x000000008a700000| PB 0x000000008a700000| Untracked 
|  94|0x000000008a800000, 0x000000008a800000, 0x000000008a900000|  0%| F|  |TAMS 0x000000008a800000| PB 0x000000008a800000| Untracked 
|  95|0x000000008a900000, 0x000000008a900000, 0x000000008aa00000|  0%| F|  |TAMS 0x000000008a900000| PB 0x000000008a900000| Untracked 
|  96|0x000000008aa00000, 0x000000008aa00000, 0x000000008ab00000|  0%| F|  |TAMS 0x000000008aa00000| PB 0x000000008aa00000| Untracked 
|  97|0x000000008ab00000, 0x000000008ab00000, 0x000000008ac00000|  0%| F|  |TAMS 0x000000008ab00000| PB 0x000000008ab00000| Untracked 
|  98|0x000000008ac00000, 0x000000008ad00000, 0x000000008ad00000|100%| S|CS|TAMS 0x000000008ac00000| PB 0x000000008ac00000| Complete 
|  99|0x000000008ad00000, 0x000000008ae00000, 0x000000008ae00000|100%| S|CS|TAMS 0x000000008ad00000| PB 0x000000008ad00000| Complete 
| 100|0x000000008ae00000, 0x000000008af00000, 0x000000008af00000|100%| S|CS|TAMS 0x000000008ae00000| PB 0x000000008ae00000| Complete 
| 101|0x000000008af00000, 0x000000008af00000, 0x000000008b000000|  0%| F|  |TAMS 0x000000008af00000| PB 0x000000008af00000| Untracked 
| 102|0x000000008b000000, 0x000000008b000000, 0x000000008b100000|  0%| F|  |TAMS 0x000000008b000000| PB 0x000000008b000000| Untracked 
| 103|0x000000008b100000, 0x000000008b100000, 0x000000008b200000|  0%| F|  |TAMS 0x000000008b100000| PB 0x000000008b100000| Untracked 
| 104|0x000000008b200000, 0x000000008b200000, 0x000000008b300000|  0%| F|  |TAMS 0x000000008b200000| PB 0x000000008b200000| Untracked 
| 105|0x000000008b300000, 0x000000008b3b5138, 0x000000008b400000| 70%| E|  |TAMS 0x000000008b300000| PB 0x000000008b300000| Complete 
| 106|0x000000008b400000, 0x000000008b500000, 0x000000008b500000|100%| E|CS|TAMS 0x000000008b400000| PB 0x000000008b400000| Complete 
| 107|0x000000008b500000, 0x000000008b600000, 0x000000008b600000|100%| E|CS|TAMS 0x000000008b500000| PB 0x000000008b500000| Complete 
| 108|0x000000008b600000, 0x000000008b700000, 0x000000008b700000|100%| E|CS|TAMS 0x000000008b600000| PB 0x000000008b600000| Complete 
| 109|0x000000008b700000, 0x000000008b800000, 0x000000008b800000|100%| E|CS|TAMS 0x000000008b700000| PB 0x000000008b700000| Complete 
| 110|0x000000008b800000, 0x000000008b900000, 0x000000008b900000|100%| E|CS|TAMS 0x000000008b800000| PB 0x000000008b800000| Complete 
| 111|0x000000008b900000, 0x000000008ba00000, 0x000000008ba00000|100%| E|CS|TAMS 0x000000008b900000| PB 0x000000008b900000| Complete 
| 112|0x000000008ba00000, 0x000000008bb00000, 0x000000008bb00000|100%| E|  |TAMS 0x000000008ba00000| PB 0x000000008ba00000| Complete 
| 113|0x000000008bb00000, 0x000000008bc00000, 0x000000008bc00000|100%| E|CS|TAMS 0x000000008bb00000| PB 0x000000008bb00000| Complete 
| 114|0x000000008bc00000, 0x000000008bd00000, 0x000000008bd00000|100%| E|CS|TAMS 0x000000008bc00000| PB 0x000000008bc00000| Complete 
| 115|0x000000008bd00000, 0x000000008be00000, 0x000000008be00000|100%| E|CS|TAMS 0x000000008bd00000| PB 0x000000008bd00000| Complete 
| 116|0x000000008be00000, 0x000000008bf00000, 0x000000008bf00000|100%| E|CS|TAMS 0x000000008be00000| PB 0x000000008be00000| Complete 
| 117|0x000000008bf00000, 0x000000008c000000, 0x000000008c000000|100%| E|CS|TAMS 0x000000008bf00000| PB 0x000000008bf00000| Complete 
| 118|0x000000008c000000, 0x000000008c100000, 0x000000008c100000|100%| E|CS|TAMS 0x000000008c000000| PB 0x000000008c000000| Complete 
| 119|0x000000008c100000, 0x000000008c200000, 0x000000008c200000|100%| E|CS|TAMS 0x000000008c100000| PB 0x000000008c100000| Complete 
| 120|0x000000008c200000, 0x000000008c300000, 0x000000008c300000|100%| E|CS|TAMS 0x000000008c200000| PB 0x000000008c200000| Complete 
| 121|0x000000008c300000, 0x000000008c400000, 0x000000008c400000|100%| E|CS|TAMS 0x000000008c300000| PB 0x000000008c300000| Complete 
| 122|0x000000008c400000, 0x000000008c500000, 0x000000008c500000|100%| E|CS|TAMS 0x000000008c400000| PB 0x000000008c400000| Complete 
| 123|0x000000008c500000, 0x000000008c600000, 0x000000008c600000|100%| E|CS|TAMS 0x000000008c500000| PB 0x000000008c500000| Complete 

Card table byte_map: [0x00000213b7b80000,0x00000213b7f60000] _byte_map_base: 0x00000213b775b000

Marking Bits: (CMBitMap*) 0x000002139df14c00
 Bits: [0x00000213b7f60000, 0x00000213b9e38000)

Polling page: 0x000002139df80000

Metaspace:

Usage:
  Non-class:     15.86 MB used.
      Class:      2.03 MB used.
       Both:     17.89 MB used.

Virtual space:
  Non-class space:       64.00 MB reserved,      16.00 MB ( 25%) committed,  1 nodes.
      Class space:        1.00 GB reserved,       2.19 MB ( <1%) committed,  1 nodes.
             Both:        1.06 GB reserved,      18.19 MB (  2%) committed. 

Chunk freelists:
   Non-Class:  0 bytes
       Class:  13.66 MB
        Both:  13.66 MB

MaxMetaspaceSize: unlimited
CompressedClassSpaceSize: 1.00 GB
Initial GC threshold: 21.00 MB
Current GC threshold: 21.00 MB
CDS: on
 - commit_granule_bytes: 65536.
 - commit_granule_words: 8192.
 - virtual_space_node_default_size: 8388608.
 - enlarge_chunks_in_place: 1.
 - use_allocation_guard: 0.


Internal statistics:

num_allocs_failed_limit: 0.
num_arena_births: 378.
num_arena_deaths: 0.
num_vsnodes_births: 2.
num_vsnodes_deaths: 0.
num_space_committed: 291.
num_space_uncommitted: 0.
num_chunks_returned_to_freelist: 0.
num_chunks_taken_from_freelist: 639.
num_chunk_merges: 0.
num_chunk_splits: 397.
num_chunks_enlarged: 226.
num_inconsistent_stats: 0.

CodeHeap 'non-profiled nmethods': size=120000Kb used=1572Kb max_used=1572Kb free=118427Kb
 bounds [0x00000213af5f0000, 0x00000213af860000, 0x00000213b6b20000]
CodeHeap 'profiled nmethods': size=120000Kb used=5825Kb max_used=5825Kb free=114174Kb
 bounds [0x00000213a7b20000, 0x00000213a80e0000, 0x00000213af050000]
CodeHeap 'non-nmethods': size=5760Kb used=1767Kb max_used=1819Kb free=3992Kb
 bounds [0x00000213af050000, 0x00000213af2c0000, 0x00000213af5f0000]
 total_blobs=3736 nmethods=2943 adapters=696
 compilation: enabled
              stopped_count=0, restarted_count=0
 full_count=0

Compilation events (20 events):
Event: 14.001 Thread 0x00000213bcb42280 2935       4       java.security.AccessControlContext::optimize (319 bytes)
Event: 14.009 Thread 0x00000213bcb42280 nmethod 2935 0x00000213af777f10 code [0x00000213af778100, 0x00000213af7787c8]
Event: 14.657 Thread 0x00000213bcb62d30 2936       3       sun.awt.AWTAccessor::getMouseEventAccessor (19 bytes)
Event: 14.658 Thread 0x00000213bcb62d30 nmethod 2936 0x00000213a80cbc90 code [0x00000213a80cbea0, 0x00000213a80cc328]
Event: 14.658 Thread 0x00000213bcb62d30 2937       3       java.awt.event.MouseEvent$1::isCausedByTouchEvent (5 bytes)
Event: 14.658 Thread 0x00000213bcb62d30 nmethod 2937 0x00000213a80cc590 code [0x00000213a80cc720, 0x00000213a80cc838]
Event: 15.590 Thread 0x00000213bcb62d30 2938       3       sun.java2d.SunGraphics2D::getTransform (50 bytes)
Event: 15.591 Thread 0x00000213bcb62d30 nmethod 2938 0x00000213a80cc910 code [0x00000213a80ccae0, 0x00000213a80ccdc8]
Event: 15.591 Thread 0x00000213bcb62d30 2939       3       java.lang.Math::floor (5 bytes)
Event: 15.591 Thread 0x00000213bcb62d30 nmethod 2939 0x00000213a80ccf10 code [0x00000213a80cd0c0, 0x00000213a80cd1d8]
Event: 15.591 Thread 0x00000213bcb62d30 2940       3       java.lang.StrictMath::floor (12 bytes)
Event: 15.591 Thread 0x00000213bcb62d30 nmethod 2940 0x00000213a80cd290 code [0x00000213a80cd460, 0x00000213a80cd590]
Event: 15.767 Thread 0x00000213bcb62d30 2941       1       java.awt.Window::getTemporaryLostComponent (5 bytes)
Event: 15.767 Thread 0x00000213bcb62d30 nmethod 2941 0x00000213af778b90 code [0x00000213af778d20, 0x00000213af778df0]
Event: 15.767 Thread 0x00000213bcb62d30 2943   !   3       java.awt.EventQueue::removeSourceEvents (316 bytes)
Event: 15.770 Thread 0x00000213bcb62d30 nmethod 2943 0x00000213a80cd610 code [0x00000213a80cd980, 0x00000213a80cf6b8]
Event: 15.771 Thread 0x00000213bcb62d30 2944       3       java.awt.Component::isFocusOwner (5 bytes)
Event: 15.771 Thread 0x00000213bcb62d30 nmethod 2944 0x00000213a80d0090 code [0x00000213a80d0280, 0x00000213a80d0650]
Event: 15.771 Thread 0x00000213bcb62d30 2942       1       javax.swing.JRootPane::getDefaultButton (5 bytes)
Event: 15.771 Thread 0x00000213bcb62d30 nmethod 2942 0x00000213af778e90 code [0x00000213af779020, 0x00000213af7790f0]

GC Heap History (2 events):
Event: 6.291 GC heap before
{Heap before GC invocations=0 (full 0):
 garbage-first heap   total 126976K, used 27648K [0x0000000084a00000, 0x0000000100000000)
  region size 1024K, 23 young (23552K), 0 survivors (0K)
 Metaspace       used 11277K, committed 11520K, reserved 1114112K
  class space    used 1236K, committed 1344K, reserved 1048576K
}
Event: 6.301 GC heap after
{Heap after GC invocations=1 (full 0):
 garbage-first heap   total 126976K, used 13145K [0x0000000084a00000, 0x0000000100000000)
  region size 1024K, 3 young (3072K), 3 survivors (3072K)
 Metaspace       used 11277K, committed 11520K, reserved 1114112K
  class space    used 1236K, committed 1344K, reserved 1048576K
}

Dll operation events (12 events):
Event: 0.013 Loaded shared library C:\Program Files\Java\jdk-21\bin\java.dll
Event: 0.074 Loaded shared library C:\Program Files\Java\jdk-21\bin\jsvml.dll
Event: 0.194 Loaded shared library C:\Program Files\Java\jdk-21\bin\net.dll
Event: 0.198 Loaded shared library C:\Program Files\Java\jdk-21\bin\nio.dll
Event: 0.256 Loaded shared library C:\Program Files\Java\jdk-21\bin\zip.dll
Event: 0.420 Loaded shared library C:\Program Files\Java\jdk-21\bin\jimage.dll
Event: 0.502 Loaded shared library C:\Program Files\Java\jdk-21\bin\awt.dll
Event: 0.728 Loaded shared library C:\Program Files\Java\jdk-21\bin\freetype.dll
Event: 0.729 Loaded shared library C:\Program Files\Java\jdk-21\bin\fontmanager.dll
Event: 1.120 Loaded shared library C:\Users\geanina.foanta\AppData\Local\Temp\flatlaf.temp\flatlaf-windows-x86_64-15786222918066000.dll
Event: 8.323 Loaded shared library C:\Program Files\Java\jdk-21\bin\extnet.dll
Event: 8.774 Loaded shared library C:\Program Files\Java\jdk-21\bin\verify.dll

Deoptimization events (20 events):
Event: 12.269 Thread 0x00000213fe1b51e0 DEOPT PACKING pc=0x00000213a80032bf sp=0x0000006463efd9b0
Event: 12.269 Thread 0x00000213fe1b51e0 DEOPT UNPACKING pc=0x00000213af0a4e42 sp=0x0000006463efcdb0 mode 0
Event: 12.270 Thread 0x00000213fe1b51e0 DEOPT PACKING pc=0x00000213a7ff540d sp=0x0000006463efd710
Event: 12.270 Thread 0x00000213fe1b51e0 DEOPT UNPACKING pc=0x00000213af0a4e42 sp=0x0000006463efcb08 mode 0
Event: 12.270 Thread 0x00000213fe1b51e0 DEOPT PACKING pc=0x00000213a80032bf sp=0x0000006463efda00
Event: 12.270 Thread 0x00000213fe1b51e0 DEOPT UNPACKING pc=0x00000213af0a4e42 sp=0x0000006463efce00 mode 0
Event: 12.442 Thread 0x00000213849fca60 Uncommon trap: trap_request=0xffffff6e fr.pc=0x00000213af74a8d4 relative=0x0000000000006374
Event: 12.442 Thread 0x00000213849fca60 Uncommon trap: reason=loop_limit_check action=maybe_recompile pc=0x00000213af74a8d4 method=sun.awt.image.PNGImageDecoder.produceImage()V @ 731 c2
Event: 12.442 Thread 0x00000213849fca60 DEOPT PACKING pc=0x00000213af74a8d4 sp=0x00000064653fee70
Event: 12.442 Thread 0x00000213849fca60 DEOPT UNPACKING pc=0x00000213af0a46a2 sp=0x00000064653fedf0 mode 2
Event: 12.576 Thread 0x00000213fe1b51e0 Uncommon trap: trap_request=0xffffff45 fr.pc=0x00000213af75c6c4 relative=0x0000000000001c84
Event: 12.576 Thread 0x00000213fe1b51e0 Uncommon trap: reason=unstable_if action=reinterpret pc=0x00000213af75c6c4 method=sun.java2d.marlin.MarlinTileGenerator.getAlphaRLE([BII)V @ 1052 c2
Event: 12.576 Thread 0x00000213fe1b51e0 DEOPT PACKING pc=0x00000213af75c6c4 sp=0x0000006463efd5d0
Event: 12.576 Thread 0x00000213fe1b51e0 DEOPT UNPACKING pc=0x00000213af0a46a2 sp=0x0000006463efd470 mode 2
Event: 12.576 Thread 0x00000213fe1b51e0 Uncommon trap: trap_request=0xffffff45 fr.pc=0x00000213af6a4d80 relative=0x0000000000000c00
Event: 12.576 Thread 0x00000213fe1b51e0 Uncommon trap: reason=unstable_if action=reinterpret pc=0x00000213af6a4d80 method=sun.java2d.marlin.MarlinTileGenerator.getAlphaRLE([BII)V @ 1052 c2
Event: 12.576 Thread 0x00000213fe1b51e0 DEOPT PACKING pc=0x00000213af6a4d80 sp=0x0000006463efd580
Event: 12.576 Thread 0x00000213fe1b51e0 DEOPT UNPACKING pc=0x00000213af0a46a2 sp=0x0000006463efd470 mode 2
Event: 12.580 Thread 0x00000213fe1b51e0 DEOPT PACKING pc=0x00000213a80af97d sp=0x0000006463efd9b0
Event: 12.580 Thread 0x00000213fe1b51e0 DEOPT UNPACKING pc=0x00000213af0a4e42 sp=0x0000006463efcda8 mode 0

Classes loaded (20 events):
Event: 12.314 Loading class javax/swing/event/RowSorterEvent
Event: 12.314 Loading class javax/swing/event/RowSorterEvent done
Event: 12.314 Loading class javax/swing/event/RowSorterEvent$Type
Event: 12.314 Loading class javax/swing/event/RowSorterEvent$Type done
Event: 12.314 Loading class javax/swing/DefaultRowSorter$Row
Event: 12.314 Loading class javax/swing/DefaultRowSorter$Row done
Event: 12.434 Loading class java/beans/PropertyVetoException
Event: 12.434 Loading class java/beans/PropertyVetoException done
Event: 12.437 Loading class javax/swing/plaf/basic/BasicTextAreaUI
Event: 12.437 Loading class javax/swing/plaf/basic/BasicTextAreaUI done
Event: 12.552 Loading class java/util/stream/DistinctOps
Event: 12.552 Loading class java/util/stream/DistinctOps done
Event: 12.552 Loading class java/util/stream/DistinctOps$1
Event: 12.552 Loading class java/util/stream/ReferencePipeline$StatefulOp
Event: 12.552 Loading class java/util/stream/ReferencePipeline$StatefulOp done
Event: 12.553 Loading class java/util/stream/DistinctOps$1 done
Event: 12.553 Loading class java/util/stream/DistinctOps$1$2
Event: 12.553 Loading class java/util/stream/DistinctOps$1$2 done
Event: 12.557 Loading class sun/awt/SunToolkit$1
Event: 12.557 Loading class sun/awt/SunToolkit$1 done

Classes unloaded (0 events):
No events

Classes redefined (0 events):
No events

Internal exceptions (20 events):
Event: 1.102 Thread 0x000002139debf150 Exception <a 'sun/nio/fs/WindowsException'{0x000000008b94cbb0}> (0x000000008b94cbb0) 
thrown [s\open\src\hotspot\share\prims\jni.cpp, line 520]
Event: 1.123 Thread 0x000002139debf150 Implicit null exception at 0x00000213af6307b8 to 0x00000213af630a58
Event: 1.123 Thread 0x000002139debf150 Implicit null exception at 0x00000213af63973d to 0x00000213af6397c1
Event: 1.175 Thread 0x00000213fe5941f0 Exception <a 'java/lang/NoSuchMethodError'{0x000000008bc0e628}: 'void java.lang.invoke.DirectMethodHandle$Holder.invokeVirtual(java.lang.Object, java.lang.Object)'> (0x000000008bc0e628) 
thrown [s\open\src\hotspot\share\interpreter\linkResolver.cpp, line 773]
Event: 1.202 Thread 0x000002139debf150 Exception <a 'java/lang/NoSuchMethodError'{0x000000008b9bafb8}: 'void java.lang.invoke.DirectMethodHandle$Holder.invokeStaticInit(java.lang.Object)'> (0x000000008b9bafb8) 
thrown [s\open\src\hotspot\share\interpreter\linkResolver.cpp, line 773]
Event: 1.283 Thread 0x00000213fe6d9640 Exception <a 'java/lang/NoSuchMethodError'{0x000000008b87fea0}: 'java.lang.Object java.lang.invoke.DirectMethodHandle$Holder.newInvokeSpecial(java.lang.Object, java.lang.Object, java.lang.Object, int, int, int, int, int)'> (0x000000008b87fea0) 
thrown [s\open\src\hotspot\share\interpreter\linkResolver.cpp, line 773]
Event: 1.466 Thread 0x00000213fe1b51e0 Exception <a 'java/lang/NoSuchMethodError'{0x000000008b602a80}: 'void java.lang.invoke.DirectMethodHandle$Holder.invokeVirtual(java.lang.Object, java.lang.Object, java.lang.Object, int, int, int, int, double)'> (0x000000008b602a80) 
thrown [s\open\src\hotspot\share\interpreter\linkResolver.cpp, line 773]
Event: 1.498 Thread 0x00000213fe1b51e0 Exception <a 'java/lang/NoSuchMethodError'{0x000000008b66f850}: 'int java.lang.invoke.DirectMethodHandle$Holder.invokeSpecial(java.lang.Object, java.lang.Object, java.lang.Object, int)'> (0x000000008b66f850) 
thrown [s\open\src\hotspot\share\interpreter\linkResolver.cpp, line 773]
Event: 1.503 Thread 0x00000213fe1b51e0 Exception <a 'java/lang/NoSuchMethodError'{0x000000008b681fc8}: 'java.lang.Object java.lang.invoke.DirectMethodHandle$Holder.invokeStatic(java.lang.Object, java.lang.Object, java.lang.Object, java.lang.Object, int)'> (0x000000008b681fc8) 
thrown [s\open\src\hotspot\share\interpreter\linkResolver.cpp, line 773]
Event: 1.508 Thread 0x00000213fe1b51e0 Exception <a 'java/lang/NoSuchMethodError'{0x000000008b690390}: 'float java.lang.invoke.DelegatingMethodHandle$Holder.reinvoke_L(java.lang.Object, java.lang.Object, int)'> (0x000000008b690390) 
thrown [s\open\src\hotspot\share\interpreter\linkResolver.cpp, line 773]
Event: 1.511 Thread 0x00000213fe1b51e0 Exception <a 'java/lang/NoSuchMethodError'{0x000000008b69a880}: 'void java.lang.invoke.DelegatingMethodHandle$Holder.reinvoke_L(java.lang.Object, java.lang.Object, java.lang.Object, java.lang.Object, int, float, float)'> (0x000000008b69a880) 
thrown [s\open\src\hotspot\share\interpreter\linkResolver.cpp, line 773]
Event: 1.520 Thread 0x00000213fe1b51e0 Exception <a 'java/lang/NoSuchMethodError'{0x000000008b6b2ee8}: 'int java.lang.invoke.DirectMethodHandle$Holder.invokeSpecial(java.lang.Object, java.lang.Object, java.lang.Object)'> (0x000000008b6b2ee8) 
thrown [s\open\src\hotspot\share\interpreter\linkResolver.cpp, line 773]
Event: 1.524 Thread 0x00000213fe1b51e0 Exception <a 'java/lang/NoSuchMethodError'{0x000000008b6bee78}: 'java.lang.Object java.lang.invoke.DirectMethodHandle$Holder.invokeStatic(java.lang.Object, java.lang.Object, int)'> (0x000000008b6bee78) 
thrown [s\open\src\hotspot\share\interpreter\linkResolver.cpp, line 773]
Event: 1.527 Thread 0x00000213fe1b51e0 Exception <a 'java/lang/NoSuchMethodError'{0x000000008b6c9b58}: 'void java.lang.invoke.DelegatingMethodHandle$Holder.delegate(java.lang.Object, java.lang.Object, int, java.lang.Object)'> (0x000000008b6c9b58) 
thrown [s\open\src\hotspot\share\interpreter\linkResolver.cpp, line 773]
Event: 2.535 Thread 0x00000213fe6d9640 Implicit null exception at 0x00000213af645ca4 to 0x00000213af64630c
Event: 2.535 Thread 0x00000213fe6d9640 Implicit null exception at 0x00000213af645020 to 0x00000213af64567c
Event: 8.614 Thread 0x00000213fe75ff10 Implicit null exception at 0x00000213af6749ae to 0x00000213af677465
Event: 8.786 Thread 0x00000213fe1b51e0 Exception <a 'java/lang/NoSuchMethodError'{0x000000008bd65e20}: 'java.lang.Object java.lang.invoke.DirectMethodHandle$Holder.invokeInterface(java.lang.Object, java.lang.Object)'> (0x000000008bd65e20) 
thrown [s\open\src\hotspot\share\interpreter\linkResolver.cpp, line 773]
Event: 8.789 Thread 0x00000213fe1b51e0 Exception <a 'java/lang/NoSuchMethodError'{0x000000008bd8e8e8}: 'java.lang.Object java.lang.invoke.DirectMethodHandle$Holder.newInvokeSpecial(java.lang.Object, java.lang.Object, java.lang.Object, java.lang.Object, java.lang.Object, java.lang.Object)'> (0x000000008bd8e8e8) 
thrown [s\open\src\hotspot\share\interpreter\linkResolver.cpp, line 773]
Event: 8.813 Thread 0x00000213fe1b51e0 Exception <a 'java/lang/NoSuchMethodError'{0x000000008bc6b998}: 'java.lang.Object java.lang.invoke.Invokers$Holder.linkToTargetMethod(java.lang.Object, int, int, int, java.lang.Object)'> (0x000000008bc6b998) 
thrown [s\open\src\hotspot\share\interpreter\linkResolver.cpp, line 773]

ZGC Phase Switch (0 events):
No events

VM Operations (20 events):
Event: 8.834 Executing VM operation: HandshakeAllThreads (Deoptimize)
Event: 8.834 Executing VM operation: HandshakeAllThreads (Deoptimize) done
Event: 8.838 Executing VM operation: HandshakeAllThreads (Deoptimize)
Event: 8.838 Executing VM operation: HandshakeAllThreads (Deoptimize) done
Event: 8.839 Executing VM operation: HandshakeAllThreads (Deoptimize)
Event: 8.839 Executing VM operation: HandshakeAllThreads (Deoptimize) done
Event: 9.844 Executing VM operation: Cleanup
Event: 9.845 Executing VM operation: Cleanup done
Event: 9.867 Executing VM operation: HandshakeAllThreads (Deoptimize)
Event: 9.867 Executing VM operation: HandshakeAllThreads (Deoptimize) done
Event: 10.881 Executing VM operation: Cleanup
Event: 10.881 Executing VM operation: Cleanup done
Event: 11.894 Executing VM operation: Cleanup
Event: 11.894 Executing VM operation: Cleanup done
Event: 12.910 Executing VM operation: Cleanup
Event: 12.911 Executing VM operation: Cleanup done
Event: 13.920 Executing VM operation: Cleanup
Event: 13.920 Executing VM operation: Cleanup done
Event: 14.933 Executing VM operation: Cleanup
Event: 14.933 Executing VM operation: Cleanup done

Events (20 events):
Event: 3.546 Thread 0x00000213febc84b0 Thread exited: 0x00000213febc84b0
Event: 7.643 Thread 0x00000213fe6d9640 Thread exited: 0x00000213fe6d9640
Event: 8.311 Thread 0x00000213febe07c0 Thread added: 0x00000213febe07c0
Event: 8.442 Thread 0x00000213febe07c0 Thread exited: 0x00000213febe07c0
Event: 8.574 Thread 0x0000021384bcb000 Thread added: 0x0000021384bcb000
Event: 8.602 Thread 0x00000213fe75ff10 Thread added: 0x00000213fe75ff10
Event: 8.843 Thread 0x00000213fe06f220 Thread added: 0x00000213fe06f220
Event: 8.847 Thread 0x00000213fe06f220 Thread exited: 0x00000213fe06f220
Event: 8.848 Thread 0x00000213849fd780 Thread added: 0x00000213849fd780
Event: 8.864 Thread 0x0000021384d41ea0 Thread added: 0x0000021384d41ea0
Event: 8.868 Thread 0x00000213849fd780 Thread exited: 0x00000213849fd780
Event: 9.107 Thread 0x0000021384d41ea0 Thread exited: 0x0000021384d41ea0
Event: 9.107 Thread 0x0000021384bcb000 Thread exited: 0x0000021384bcb000
Event: 11.291 Thread 0x0000021385181300 Thread added: 0x0000021385181300
Event: 11.291 Thread 0x00000213fe9fc910 Thread added: 0x00000213fe9fc910
Event: 11.335 Thread 0x00000213849fca60 Thread added: 0x00000213849fca60
Event: 11.489 Thread 0x00000213fe9fc910 Thread exited: 0x00000213fe9fc910
Event: 11.546 Thread 0x0000021385181300 Thread exited: 0x0000021385181300
Event: 12.563 Thread 0x0000021384e8b040 Thread added: 0x0000021384e8b040
Event: 12.690 Thread 0x0000021384e8b040 Thread exited: 0x0000021384e8b040


Dynamic libraries:
0x00007ff68a800000 - 0x00007ff68a810000 	C:\Program Files\Java\jdk-21\bin\java.exe
0x00007ffa46830000 - 0x00007ffa46a47000 	C:\WINDOWS\SYSTEM32\ntdll.dll
0x00007ffa44bc0000 - 0x00007ffa44c84000 	C:\WINDOWS\System32\KERNEL32.DLL
0x00007ffa43f20000 - 0x00007ffa442c7000 	C:\WINDOWS\System32\KERNELBASE.dll
0x00007ffa43d60000 - 0x00007ffa43e71000 	C:\WINDOWS\System32\ucrtbase.dll
0x00007ffa31d50000 - 0x00007ffa31d6b000 	C:\Program Files\Java\jdk-21\bin\VCRUNTIME140.dll
0x00007ffa20bb0000 - 0x00007ffa20bc9000 	C:\Program Files\Java\jdk-21\bin\jli.dll
0x00007ffa45b00000 - 0x00007ffa45bb2000 	C:\WINDOWS\System32\ADVAPI32.dll
0x00007ffa45870000 - 0x00007ffa45917000 	C:\WINDOWS\System32\msvcrt.dll
0x00007ffa46450000 - 0x00007ffa464f8000 	C:\WINDOWS\System32\sechost.dll
0x00007ffa44440000 - 0x00007ffa44468000 	C:\WINDOWS\System32\bcrypt.dll
0x00007ffa44aa0000 - 0x00007ffa44bb5000 	C:\WINDOWS\System32\RPCRT4.dll
0x00007ffa46500000 - 0x00007ffa466ae000 	C:\WINDOWS\System32\USER32.dll
0x00007ffa44530000 - 0x00007ffa44556000 	C:\WINDOWS\System32\win32u.dll
0x00007ffa2fb00000 - 0x00007ffa2fd93000 	C:\WINDOWS\WinSxS\amd64_microsoft.windows.common-controls_6595b64144ccf1df_6.0.22621.3527_none_270e469b73872a76\COMCTL32.dll
0x00007ffa44a70000 - 0x00007ffa44a99000 	C:\WINDOWS\System32\GDI32.dll
0x00007ffa43bc0000 - 0x00007ffa43cd9000 	C:\WINDOWS\System32\gdi32full.dll
0x00007ffa43e80000 - 0x00007ffa43f1a000 	C:\WINDOWS\System32\msvcp_win.dll
0x00007ffa37bd0000 - 0x00007ffa37bda000 	C:\WINDOWS\SYSTEM32\VERSION.dll
0x00007ffa446f0000 - 0x00007ffa44721000 	C:\WINDOWS\System32\IMM32.DLL
0x00007ffa409e0000 - 0x00007ffa409ec000 	C:\Program Files\Java\jdk-21\bin\vcruntime140_1.dll
0x00007ffa20bd0000 - 0x00007ffa20c5e000 	C:\Program Files\Java\jdk-21\bin\msvcp140.dll
0x00007ff9f7c20000 - 0x00007ff9f892d000 	C:\Program Files\Java\jdk-21\bin\server\jvm.dll
0x00007ffa457f0000 - 0x00007ffa45861000 	C:\WINDOWS\System32\WS2_32.dll
0x00007ffa428a0000 - 0x00007ffa428ed000 	C:\WINDOWS\SYSTEM32\POWRPROF.dll
0x00007ffa38950000 - 0x00007ffa38984000 	C:\WINDOWS\SYSTEM32\WINMM.dll
0x00007ffa42880000 - 0x00007ffa42893000 	C:\WINDOWS\SYSTEM32\UMPDC.dll
0x00007ffa42b30000 - 0x00007ffa42b48000 	C:\WINDOWS\SYSTEM32\kernel.appcore.dll
0x00007ffa409c0000 - 0x00007ffa409ca000 	C:\Program Files\Java\jdk-21\bin\jimage.dll
0x00007ffa410b0000 - 0x00007ffa412e2000 	C:\WINDOWS\SYSTEM32\DBGHELP.DLL
0x00007ffa460c0000 - 0x00007ffa46448000 	C:\WINDOWS\System32\combase.dll
0x00007ffa45a20000 - 0x00007ffa45af7000 	C:\WINDOWS\System32\OLEAUT32.dll
0x00007ffa37950000 - 0x00007ffa37982000 	C:\WINDOWS\SYSTEM32\dbgcore.DLL
0x00007ffa43ce0000 - 0x00007ffa43d59000 	C:\WINDOWS\System32\bcryptPrimitives.dll
0x00007ffa30430000 - 0x00007ffa3044f000 	C:\Program Files\Java\jdk-21\bin\java.dll
0x00007ffa44e40000 - 0x00007ffa4569c000 	C:\WINDOWS\System32\SHELL32.dll
0x00007ffa41780000 - 0x00007ffa42076000 	C:\WINDOWS\SYSTEM32\windows.storage.dll
0x00007ffa41640000 - 0x00007ffa4177e000 	C:\WINDOWS\SYSTEM32\wintypes.dll
0x00007ffa45920000 - 0x00007ffa45a15000 	C:\WINDOWS\System32\SHCORE.dll
0x00007ffa45bc0000 - 0x00007ffa45c1e000 	C:\WINDOWS\System32\shlwapi.dll
0x00007ffa43a80000 - 0x00007ffa43aa1000 	C:\WINDOWS\SYSTEM32\profapi.dll
0x00007ffa20c60000 - 0x00007ffa20d37000 	C:\Program Files\Java\jdk-21\bin\jsvml.dll
0x00007ffa40940000 - 0x00007ffa40950000 	C:\Program Files\Java\jdk-21\bin\net.dll
0x00007ffa42b50000 - 0x00007ffa42c86000 	C:\WINDOWS\SYSTEM32\WINHTTP.dll
0x00007ffa430d0000 - 0x00007ffa43139000 	C:\WINDOWS\system32\mswsock.dll
0x00007ffa303e0000 - 0x00007ffa303f6000 	C:\Program Files\Java\jdk-21\bin\nio.dll
0x00007ffa2e230000 - 0x00007ffa2e248000 	C:\Program Files\Java\jdk-21\bin\zip.dll
0x00007ffa20220000 - 0x00007ffa203ae000 	C:\Program Files\Java\jdk-21\bin\awt.dll
0x00007ffa3d620000 - 0x00007ffa3d6b7000 	C:\WINDOWS\SYSTEM32\apphelp.dll
0x00007ffa3d7a0000 - 0x00007ffa3d84b000 	C:\WINDOWS\system32\uxtheme.dll
0x00007ffa44560000 - 0x00007ffa446b3000 	C:\WINDOWS\System32\MSCTF.dll
0x00007ffa44c90000 - 0x00007ffa44e35000 	C:\WINDOWS\System32\ole32.dll
0x00007ffa20a30000 - 0x00007ffa20ab7000 	C:\Program Files\Java\jdk-21\bin\freetype.dll
0x00007ffa1e550000 - 0x00007ffa1e631000 	C:\Program Files\Java\jdk-21\bin\fontmanager.dll
0x00007ffa3ddb0000 - 0x00007ffa3dddb000 	C:\WINDOWS\system32\DWMAPI.DLL
0x00007ffa1e940000 - 0x00007ffa1ea40000 	C:\WINDOWS\system32\opengl32.dll
0x00007ffa26dc0000 - 0x00007ffa26ded000 	C:\WINDOWS\SYSTEM32\GLU32.dll
0x00007ffa40ac0000 - 0x00007ffa40af9000 	C:\WINDOWS\SYSTEM32\dxcore.dll
0x00007ffa40870000 - 0x00007ffa40876000 	C:\Users\geanina.foanta\AppData\Local\Temp\flatlaf.temp\flatlaf-windows-x86_64-15786222918066000.dll
0x00007ffa30710000 - 0x00007ffa30717000 	C:\Program Files\Java\jdk-21\bin\jawt.dll
0x00007ffa35bf0000 - 0x00007ffa35d3b000 	C:\WINDOWS\SYSTEM32\textinputframework.dll
0x00007ffa1bd40000 - 0x00007ffa1bda9000 	C:\WINDOWS\system32\Oleacc.dll
0x00007ffa46740000 - 0x00007ffa467f0000 	C:\WINDOWS\System32\clbcatq.dll
0x00007ffa37300000 - 0x00007ffa3734b000 	C:\WINDOWS\system32\ApplicationTargetedFeatureDatabase.dll
0x00007ffa35e60000 - 0x00007ffa360eb000 	C:\Windows\System32\twinapi.appcore.dll
0x00007ffa3c490000 - 0x00007ffa3c5c3000 	C:\WINDOWS\SYSTEM32\CoreMessaging.dll
0x00007ffa37f40000 - 0x00007ffa382ac000 	C:\WINDOWS\SYSTEM32\CoreUIComponents.dll
0x00007ffa43350000 - 0x00007ffa4335c000 	C:\WINDOWS\SYSTEM32\CRYPTBASE.DLL
0x00007ffa3a5d0000 - 0x00007ffa3a780000 	C:\WINDOWS\SYSTEM32\WindowsCodecs.dll
0x00007ffa1bce0000 - 0x00007ffa1bd3e000 	C:\WINDOWS\system32\dataexchange.dll
0x00007ffa42300000 - 0x00007ffa423f8000 	C:\WINDOWS\SYSTEM32\DNSAPI.dll
0x00007ffa422d0000 - 0x00007ffa422fd000 	C:\WINDOWS\SYSTEM32\IPHLPAPI.DLL
0x00007ffa44820000 - 0x00007ffa44829000 	C:\WINDOWS\System32\NSI.dll
0x00007ffa382b0000 - 0x00007ffa382ba000 	C:\Windows\System32\rasadhlp.dll
0x00007ffa37990000 - 0x00007ffa37a13000 	C:\WINDOWS\System32\fwpuclnt.dll
0x00007ffa408a0000 - 0x00007ffa408a9000 	C:\Program Files\Java\jdk-21\bin\extnet.dll
0x00007ffa40910000 - 0x00007ffa40920000 	C:\Program Files\Java\jdk-21\bin\verify.dll

dbghelp: loaded successfully - version: 4.0.5 - missing functions: none
symbol engine: initialized successfully - sym options: 0x614 - pdb path: .;C:\Program Files\Java\jdk-21\bin;C:\WINDOWS\SYSTEM32;C:\WINDOWS\WinSxS\amd64_microsoft.windows.common-controls_6595b64144ccf1df_6.0.22621.3527_none_270e469b73872a76;C:\Program Files\Java\jdk-21\bin\server;C:\Users\geanina.foanta\AppData\Local\Temp\flatlaf.temp

VM Arguments:
jvm_args: -Dfile.encoding=UTF-8 --module-path=C:\Users\geanina.foanta\Documents\NetBeansProjects\GmgMultiverso\build\classes 
java_command: gmgmultiverso.GmgMultiverso
java_class_path (initial): C:\Users\geanina.foanta\Documents\NetBeansProjects\GmgMultiverso\src\biblioteca\Componente1Proyectov3.jar;C:\Users\geanina.foanta\Documents\NetBeansProjects\GmgMultiverso\src\biblioteca\Componente3Proyecto.jar;C:\Users\geanina.foanta\Documents\NetBeansProjects\GmgMultiverso\src\biblioteca\hsqldb.jar;C:\Program Files\NetBeans-21\netbeans\java\modules\ext\AbsoluteLayout.jar;C:\Users\geanina.foanta\Documents\NetBeansProjects\GmgMultiverso\src\biblioteca\flatlaf-1.2.jar;C:\Users\geanina.foanta\Documents\NetBeansProjects\GmgMultiverso\src\biblioteca\flatlaf-intellij-themes-1.2.jar;C:\Users\geanina.foanta\Documents\NetBeansProjects\GmgMultiverso\src\biblioteca\Componente2Proyectov2Anadir.jar;C:\Users\geanina.foanta\Documents\NetBeansProjects\GmgMultiverso\src\biblioteca\Componente2Proyectov2.jar;C:\Users\geanina.foanta\Documents\NetBeansProjects\GmgMultiverso\src\biblioteca\jcalendar-1.4.jar;C:\Users\geanina.foanta\Documents\NetBeansProjects\GmgMultiverso\src\biblioteca\Componente4Proyecto.jar;C:\Users\geanina.foanta\Documents\NetBeansProjects\GmgMultiverso\src\ayuda\bibliotecaAyuda\jhall.jar;C:\Users\geanina.foanta\Documents\NetBeansProjects\GmgMultiverso\src\ayuda\bibliotecaAyuda\javahelp-2.0.02.jar;C:\Users\geanina.foanta\Documents\NetBeansProjects\GmgMultiverso\src\biblioteca\dependenciaJasper\ant-1.7.1.jar;C:\Users\geanina.foanta\Documents\NetBeansProjects\GmgMultiverso\src\biblioteca\dependenciaJasper\ant-launcher-1.7.1.jar;C:\Users\geanina.foanta\Documents\NetBeansProjects\GmgMultiverso\src\biblioteca\dependenciaJasper\asm-5.0.2.jar;C:\Users\geanina.foanta\Documents\NetBeansProjects\GmgMultiverso\src\biblioteca\dependenciaJasper\asm-analysis-5.0.2.jar;C:\Users\geanina.foanta\Documents\NetBeansProjects\GmgMultiverso\src\biblioteca\dependenciaJasper\asm-commons-5.0.2.jar;C:\Users\geanina.foanta\Documents\NetBeansProjects\GmgMultiverso\src\biblioteca\dependenciaJasper\asm-tree-5.0.2.jar;C:\Users\geanina.foanta\Documents\NetBeansProjects\GmgMultiverso\src\biblioteca\dependenciaJasper\asm-util-5.0.2.jar;C:\Users\geanina.foanta\Documents\NetBeansProjects\GmgMultiverso\src\biblioteca\dependenciaJasper\com.lowagie.text-2.1.7.jar;C:\Users\geanina.foanta\Documents\NetBeansProjects\GmgMultiverso\src\biblioteca\dependenciaJasper\commons-beanutils-1.9.4.jar;C:\Users\geanina.foanta\Documents\NetBeansProjects\GmgMultiverso\src\biblioteca\dependenciaJasper\commons-collections4-4.4.jar;C:\Users\geanina.foanta\Documents\NetBeansProjects\GmgMultiverso\src\biblioteca\dependenciaJasper\commons-digester-2.1.jar;C:\Users\geanina.foanta\Documents\NetBeansProjects\GmgMultiverso\src\biblioteca\dependenciaJasper\commons-io-2.15.1.jar;C:\Users\geanina.foanta\Documents\NetBeansProjects\GmgMultiverso\src\biblioteca\dependenciaJasper\commons-javaflow-1590792-patched-play-1.3.0.jar;C:\Users\geanina.foanta\Documents\NetBeansProjects\GmgMultiverso\src\biblioteca\dependenciaJasper\commons-jci-core-1.1.jar;C:\Users\geanina.foanta\Documents\NetBeansProjects\GmgMultiverso\src\biblioteca\dependenciaJasper\commons-jci-fam-1.1.jar;C:\Users\geanina.foanta\Documents\NetBeansProjects\GmgMultiverso\src\biblioteca\dependenciaJasper\commons-logging-1.2.jar;C:\Users\geanina.foanta\Documents\NetBeansProjects\GmgMultiverso\src\biblioteca\dependenciaJasper\jcommon-1.0.24.jar;C:\Users\geanina.foanta\Documents\NetBeansProjects\GmgMultiverso\src\biblioteca\dependenciaJasper\jfreechart-1.0.12.jar;C:\Users\geanina.foanta\Documents\NetBeansProjects\GmgMultiverso\src\biblioteca\dependenciaJasper\log4j-core-2.20.0.jar;C:\Users\geanina.foanta\Documents\NetBeansProjects\GmgMultiverso\src\biblioteca\dependenciaJasper\spring-beans-6.0.4.jar;C:\Users\geanina.foanta\Documents\NetBeansProjects\GmgMultiverso\src\biblioteca\dependenciaJasper\spring-core-6.0.4.jar;C:\Users\geanina.foanta\Documents\NetBeansProjects\GmgMultiverso\src\biblioteca\dependenciaJasper\spring-jcl-6.0.4.jar;C:\Users\geanina.foanta\Documents\NetBeansProjects\GmgMultiverso\src\biblioteca\jasper\jasperreports-6.20.0.jar;C:\Users\geanina.foanta\Documents\NetBeansProjects\GmgMultiverso\src\biblioteca\jasper\jasperreports-annotation-processors-6.20.0.jar;C:\Users\geanina.foanta\Documents\NetBeansProjects\GmgMultiverso\src\biblioteca\jasper\jasperreports-castor-6.20.0.jar;C:\Users\geanina.foanta\Documents\NetBeansProjects\GmgMultiverso\src\biblioteca\jasper\jasperreports-chart-customizers-6.20.0.jar;C:\Users\geanina.foanta\Documents\NetBeansProjects\GmgMultiverso\src\biblioteca\jasper\jasperreports-chart-themes-6.20.0.jar;C:\Users\geanina.foanta\Documents\NetBeansProjects\GmgMultiverso\src\biblioteca\jasper\jasperreports-custom-visualization-6.20.0.jar;C:\Users\geanina.foanta\Documents\NetBeansProjects\GmgMultiverso\src\biblioteca\jasper\jasperreports-fonts-6.20.0.jar;C:\Users\geanina.foanta\Documents\NetBeansProjects\GmgMultiverso\src\biblioteca\jasper\jasperreports-functions-6.20.0.jar;C:\Users\geanina.foanta\Documents\NetBeansProjects\GmgMultiverso\src\biblioteca\jasper\jasperreports-javaflow-6.20.0.jar;C:\Users\geanina.foanta\Documents\NetBeansProjects\GmgMultiverso\src\biblioteca\jasper\jasperreports-metadata-6.20.0.jar;C:\Users\geanina.foanta\Documents\NetBeansProjects\GmgMultiverso\src\biblioteca\poi\SparseBitSet-1.3.jar;C:\Users\geanina.foanta\Documents\NetBeansProjects\GmgMultiverso\src\biblioteca\poi\commons-codec-1.16.0.jar;C:\Users\geanina.foanta\Documents\NetBeansProjects\GmgMultiverso\src\biblioteca\poi\commons-collections4-4.4.jar;C:\Users\geanina.foanta\Documents\NetBeansProjects\GmgMultiverso\src\biblioteca\poi\commons-compress-1.25.0.jar;C:\Users\geanina.foanta\Documents\NetBeansProjects\GmgMultiverso\src\biblioteca\poi\commons-io-2.15.0.jar;C:\Users\geanina.foanta\Documents\NetBeansProjects\GmgMultiverso\src\biblioteca\poi\commons-math3-3.6.1.jar;C:\Users\geanina.foanta\Documents\NetBeansProjects\GmgMultiverso\src\biblioteca\poi\curvesapi-1.08.jar;C:\Users\geanina.foanta\Documents\NetBeansProjects\GmgMultiverso\src\biblioteca\poi\log4j-api-2.21.1.jar;C:\Users\geanina.foanta\Documents\NetBeansProjects\GmgMultiverso\src\biblioteca\poi\poi-5.2.5.jar;C:\Users\geanina.foanta\Documents\NetBeansProjects\GmgMultiverso\src\biblioteca\poi\poi-ooxml-5.2.5.jar;C:\Users\geanina.foanta\Documents\NetBeansProjects\GmgMultiverso\src\biblioteca\poi\poi-ooxml-lite-5.2.5.jar;C:\Users\geanina.foanta\Documents\NetBeansProjects\GmgMultiverso\src\biblioteca\poi\xmlbeans-5.2.0.jar;C:\Users\geanina.foanta\Documents\NetBeansProjects\GmgMultiverso\build\classes
Launcher Type: SUN_STANDARD

[Global flags]
     intx CICompilerCount                          = 4                                         {product} {ergonomic}
     uint ConcGCThreads                            = 3                                         {product} {ergonomic}
     uint G1ConcRefinementThreads                  = 10                                        {product} {ergonomic}
   size_t G1HeapRegionSize                         = 1048576                                   {product} {ergonomic}
    uintx GCDrainStackTargetSize                   = 64                                        {product} {ergonomic}
   size_t InitialHeapSize                          = 130023424                                 {product} {ergonomic}
   size_t MarkStackSize                            = 4194304                                   {product} {ergonomic}
   size_t MaxHeapSize                              = 2069889024                                {product} {ergonomic}
   size_t MaxNewSize                               = 1241513984                                {product} {ergonomic}
   size_t MinHeapDeltaBytes                        = 1048576                                   {product} {ergonomic}
   size_t MinHeapSize                              = 8388608                                   {product} {ergonomic}
    uintx NonNMethodCodeHeapSize                   = 5839372                                {pd product} {ergonomic}
    uintx NonProfiledCodeHeapSize                  = 122909434                              {pd product} {ergonomic}
    uintx ProfiledCodeHeapSize                     = 122909434                              {pd product} {ergonomic}
    uintx ReservedCodeCacheSize                    = 251658240                              {pd product} {ergonomic}
     bool SegmentedCodeCache                       = true                                      {product} {ergonomic}
   size_t SoftMaxHeapSize                          = 2069889024                             {manageable} {ergonomic}
     bool UseCompressedOops                        = true                           {product lp64_product} {ergonomic}
     bool UseG1GC                                  = true                                      {product} {ergonomic}
     bool UseLargePagesIndividualAllocation        = false                                  {pd product} {ergonomic}

Logging:
Log output configuration:
 #0: stdout all=warning uptime,level,tags foldmultilines=false
 #1: stderr all=off uptime,level,tags foldmultilines=false

Environment Variables:
PATH=C:\Program Files\Common Files\Oracle\Java\javapath;C:\WINDOWS\system32;C:\WINDOWS;C:\WINDOWS\System32\Wbem;C:\WINDOWS\System32\WindowsPowerShell\v1.0\;C:\WINDOWS\System32\OpenSSH\;C:\Program Files\Microsoft SQL Server\150\Tools\Binn\;C:\Program Files\Microsoft SQL Server\Client SDK\ODBC\170\Tools\Binn\;C:\Program Files\dotnet\;C:\Program Files\Git\cmd;C:\Users\geanina.foanta\AppData\Local\Microsoft\WindowsApps;
USERNAME=geanina.foanta
OS=Windows_NT
PROCESSOR_IDENTIFIER=Intel64 Family 6 Model 154 Stepping 4, GenuineIntel
TMP=C:\Users\GEANIN~1.FOA\AppData\Local\Temp
TEMP=C:\Users\GEANIN~1.FOA\AppData\Local\Temp




Periodic native trim disabled

---------------  S Y S T E M  ---------------

OS:
 Windows 11 , 64 bit Build 22621 (10.0.22621.3527)
OS uptime: 18 days 6:30 hours
Hyper-V role detected

CPU: total 12 (initial active 12) (6 cores per cpu, 2 threads per core) family 6 model 154 stepping 4 microcode 0x433, cx8, cmov, fxsr, ht, mmx, 3dnowpref, sse, sse2, sse3, ssse3, sse4.1, sse4.2, popcnt, lzcnt, tsc, tscinvbit, avx, avx2, aes, erms, clmul, bmi1, bmi2, adx, sha, fma, vzeroupper, clflush, clflushopt, clwb, hv, serialize, rdtscp, rdpid, fsrm, f16c, cet_ibt, cet_ss
Processor Information for processor 0
  Max Mhz: 1300, Current Mhz: 1300, Mhz Limit: 1300
Processor Information for processor 1
  Max Mhz: 1300, Current Mhz: 1300, Mhz Limit: 1300
Processor Information for processor 2
  Max Mhz: 1300, Current Mhz: 1300, Mhz Limit: 1300
Processor Information for processor 3
  Max Mhz: 1300, Current Mhz: 1300, Mhz Limit: 1300
Processor Information for processor 4
  Max Mhz: 1300, Current Mhz: 900, Mhz Limit: 897
Processor Information for processor 5
  Max Mhz: 1300, Current Mhz: 900, Mhz Limit: 897
Processor Information for processor 6
  Max Mhz: 1300, Current Mhz: 900, Mhz Limit: 897
Processor Information for processor 7
  Max Mhz: 1300, Current Mhz: 900, Mhz Limit: 897
Processor Information for processor 8
  Max Mhz: 1300, Current Mhz: 900, Mhz Limit: 897
Processor Information for processor 9
  Max Mhz: 1300, Current Mhz: 900, Mhz Limit: 897
Processor Information for processor 10
  Max Mhz: 1300, Current Mhz: 900, Mhz Limit: 897
Processor Information for processor 11
  Max Mhz: 1300, Current Mhz: 900, Mhz Limit: 897

Memory: 4k page, system-wide physical 7889M (1508M free)
TotalPageFile size 17090M (AvailPageFile size 2289M)
current process WorkingSet (physical memory assigned to process): 124M, peak: 151M
current process commit charge ("private bytes"): 247M, peak: 272M

vm_info: Java HotSpot(TM) 64-Bit Server VM (21.0.3+7-LTS-152) for windows-amd64 JRE (21.0.3+7-LTS-152), built on 2024-03-11T17:42:26Z by "mach5one" with MS VC++ 17.6 (VS2022)

END.
